#
# There is insufficient memory for the Java Runtime Environment to continue.
# Native memory allocation (mmap) failed to map 482344960 bytes for G1 virtual space
# Possible reasons:
#   The system is out of physical RAM or swap space
#   The process is running with CompressedOops enabled, and the Java Heap may be blocking the growth of the native heap
# Possible solutions:
#   Reduce memory load on the system
#   Increase physical memory or swap space
#   Check if swap backing store is full
#   Decrease Java heap size (-Xmx/-Xms)
#   Decrease number of Java threads
#   Decrease Java thread stack sizes (-Xss)
#   Set larger code cache with -XX:ReservedCodeCacheSize=
#   JVM is running with Zero Based Compressed Oops mode in which the Java heap is
#     placed in the first 32GB address space. The Java Heap base address is the
#     maximum limit for the native heap growth. Please use -XX:HeapBaseMinAddress
#     to set the Java Heap base and to place the Java Heap above 32GB virtual address.
# This output file may be truncated or incomplete.
#
#  Out of Memory Error (os_windows.cpp:3769), pid=2692, tid=13248
#
# JRE version: OpenJDK Runtime Environment (17.0.6) (build 17.0.6+0-b2043.56-9586694)
# Java VM: OpenJDK 64-Bit Server VM (17.0.6+0-b2043.56-9586694, mixed mode, tiered, compressed oops, compressed class ptrs, g1 gc, windows-amd64)
# No core dump will be written. Minidumps are not enabled by default on client versions of Windows
#

---------------  S U M M A R Y ------------

Command Line: org.jetbrains.kotlin.cli.jvm.K2JVMCompiler @E:\IITG\fun_stuff\Alcheringa\Alcheringa2022\app\build\20230927_9793609722435024452.compiler.options

Host: AMD Ryzen 5 5600H with Radeon Graphics         , 12 cores, 15G,  Windows 11 , 64 bit Build 22621 (10.0.22621.2215)
Time: Wed Sep 27 23:25:56 2023 India Standard Time elapsed time: 33.827472 seconds (0d 0h 0m 33s)

---------------  T H R E A D  ---------------

Current thread (0x0000013f75b9b130):  VMThread "VM Thread" [stack: 0x00000016f5a00000,0x00000016f5b00000] [id=13248]

Stack: [0x00000016f5a00000,0x00000016f5b00000]
Native frames: (J=compiled Java code, j=interpreted, Vv=VM code, C=native code)
V  [jvm.dll+0x683b4a]
V  [jvm.dll+0x842654]
V  [jvm.dll+0x843dfe]
V  [jvm.dll+0x844463]
V  [jvm.dll+0x249b75]
V  [jvm.dll+0x680a19]
V  [jvm.dll+0x674f0a]
V  [jvm.dll+0x309acb]
V  [jvm.dll+0x310f86]
V  [jvm.dll+0x3608ee]
V  [jvm.dll+0x360b1f]
V  [jvm.dll+0x2dfbf8]
V  [jvm.dll+0x2ddec4]
V  [jvm.dll+0x2dd4cc]
V  [jvm.dll+0x321f3b]
V  [jvm.dll+0x84893b]
V  [jvm.dll+0x849674]
V  [jvm.dll+0x849b8d]
V  [jvm.dll+0x849f64]
V  [jvm.dll+0x84a030]
V  [jvm.dll+0x7f25fa]
V  [jvm.dll+0x682985]
C  [ucrtbase.dll+0x29363]
C  [KERNEL32.DLL+0x1257d]
C  [ntdll.dll+0x5aa68]

VM_Operation (0x00000016f54f7260): G1CollectForAllocation, mode: safepoint, requested by thread 0x0000013f550fa780


---------------  P R O C E S S  ---------------

Threads class SMR info:
_java_thread_list=0x0000013f7910cf20, length=14, elements={
0x0000013f550fa780, 0x0000013f7642c800, 0x0000013f7642d470, 0x0000013f764471c0,
0x0000013f76447b70, 0x0000013f76448520, 0x0000013f76448ed0, 0x0000013f76449bb0,
0x0000013f7644a650, 0x0000013f764ba530, 0x0000013f76616460, 0x0000013f7661f5a0,
0x0000013f766fd0b0, 0x0000013f7ae49d80
}

Java Threads: ( => current thread )
  0x0000013f550fa780 JavaThread "main" [_thread_blocked, id=1512, stack(0x00000016f5400000,0x00000016f5500000)]
  0x0000013f7642c800 JavaThread "Reference Handler" daemon [_thread_blocked, id=20084, stack(0x00000016f5b00000,0x00000016f5c00000)]
  0x0000013f7642d470 JavaThread "Finalizer" daemon [_thread_blocked, id=20336, stack(0x00000016f5c00000,0x00000016f5d00000)]
  0x0000013f764471c0 JavaThread "Signal Dispatcher" daemon [_thread_blocked, id=12120, stack(0x00000016f5d00000,0x00000016f5e00000)]
  0x0000013f76447b70 JavaThread "Attach Listener" daemon [_thread_blocked, id=2384, stack(0x00000016f5e00000,0x00000016f5f00000)]
  0x0000013f76448520 JavaThread "Service Thread" daemon [_thread_blocked, id=1236, stack(0x00000016f5f00000,0x00000016f6000000)]
  0x0000013f76448ed0 JavaThread "Monitor Deflation Thread" daemon [_thread_blocked, id=26412, stack(0x00000016f6000000,0x00000016f6100000)]
  0x0000013f76449bb0 JavaThread "C2 CompilerThread0" daemon [_thread_blocked, id=2368, stack(0x00000016f6100000,0x00000016f6200000)]
  0x0000013f7644a650 JavaThread "C1 CompilerThread0" daemon [_thread_blocked, id=23344, stack(0x00000016f6200000,0x00000016f6300000)]
  0x0000013f764ba530 JavaThread "Sweeper thread" daemon [_thread_blocked, id=22276, stack(0x00000016f6300000,0x00000016f6400000)]
  0x0000013f76616460 JavaThread "Notification Thread" daemon [_thread_blocked, id=596, stack(0x00000016f6400000,0x00000016f6500000)]
  0x0000013f7661f5a0 JavaThread "Common-Cleaner" daemon [_thread_blocked, id=10636, stack(0x00000016f6600000,0x00000016f6700000)]
  0x0000013f766fd0b0 JavaThread "C2 CompilerThread1" daemon [_thread_blocked, id=1732, stack(0x00000016f6700000,0x00000016f6800000)]
  0x0000013f7ae49d80 JavaThread "C2 CompilerThread2" daemon [_thread_blocked, id=1784, stack(0x00000016f7300000,0x00000016f7400000)]

Other Threads:
=>0x0000013f75b9b130 VMThread "VM Thread" [stack: 0x00000016f5a00000,0x00000016f5b00000] [id=13248]
  0x0000013f5738fc50 WatcherThread [stack: 0x00000016f6500000,0x00000016f6600000] [id=27260]
  0x0000013f57363e80 GCTaskThread "GC Thread#0" [stack: 0x00000016f5500000,0x00000016f5600000] [id=23572]
  0x0000013f76c74250 GCTaskThread "GC Thread#1" [stack: 0x00000016f6800000,0x00000016f6900000] [id=10456]
  0x0000013f76c74500 GCTaskThread "GC Thread#2" [stack: 0x00000016f6900000,0x00000016f6a00000] [id=6600]
  0x0000013f76c747b0 GCTaskThread "GC Thread#3" [stack: 0x00000016f6a00000,0x00000016f6b00000] [id=5436]
  0x0000013f76bb20c0 GCTaskThread "GC Thread#4" [stack: 0x00000016f6b00000,0x00000016f6c00000] [id=20028]
  0x0000013f78539380 GCTaskThread "GC Thread#5" [stack: 0x00000016f6c00000,0x00000016f6d00000] [id=9184]
  0x0000013f76f9dfd0 GCTaskThread "GC Thread#6" [stack: 0x00000016f6d00000,0x00000016f6e00000] [id=24200]
  0x0000013f76f9e280 GCTaskThread "GC Thread#7" [stack: 0x00000016f6e00000,0x00000016f6f00000] [id=24412]
  0x0000013f78766d50 GCTaskThread "GC Thread#8" [stack: 0x00000016f6f00000,0x00000016f7000000] [id=2332]
  0x0000013f786aa5e0 GCTaskThread "GC Thread#9" [stack: 0x00000016f7000000,0x00000016f7100000] [id=8036]
  0x0000013f57374380 ConcurrentGCThread "G1 Main Marker" [stack: 0x00000016f5600000,0x00000016f5700000] [id=12172]
  0x0000013f57375530 ConcurrentGCThread "G1 Conc#0" [stack: 0x00000016f5700000,0x00000016f5800000] [id=20600]
  0x0000013f786a9b20 ConcurrentGCThread "G1 Conc#1" [stack: 0x00000016f7100000,0x00000016f7200000] [id=25088]
  0x0000013f786a9870 ConcurrentGCThread "G1 Conc#2" [stack: 0x00000016f7200000,0x00000016f7300000] [id=10772]
  0x0000013f573bd890 ConcurrentGCThread "G1 Refine#0" [stack: 0x00000016f5800000,0x00000016f5900000] [id=27284]
  0x0000013f7ade0710 ConcurrentGCThread "G1 Refine#1" [stack: 0x00000016f7400000,0x00000016f7500000] [id=20960]
  0x0000013f7e82d330 ConcurrentGCThread "G1 Refine#2" [stack: 0x00000016f7500000,0x00000016f7600000] [id=8304]
  0x0000013f7e82d610 ConcurrentGCThread "G1 Refine#3" [stack: 0x00000016f7600000,0x00000016f7700000] [id=20076]
  0x0000013f7e82d8f0 ConcurrentGCThread "G1 Refine#4" [stack: 0x00000016f7700000,0x00000016f7800000] [id=14872]
  0x0000013f7e82c7b0 ConcurrentGCThread "G1 Refine#5" [stack: 0x00000016f7800000,0x00000016f7900000] [id=25200]
  0x0000013f7ade0fb0 ConcurrentGCThread "G1 Refine#6" [stack: 0x00000016f7900000,0x00000016f7a00000] [id=23780]
  0x0000013f573be1b0 ConcurrentGCThread "G1 Service" [stack: 0x00000016f5900000,0x00000016f5a00000] [id=20232]

Threads with active compile tasks:
C2 CompilerThread0    33839 31612       4       org.jetbrains.kotlin.codegen.optimization.fixStack.FixStackMethodTransformer::transformSaveRestoreStackMarkers (180 bytes)
C2 CompilerThread1    33839 31582 %     4       org.jetbrains.kotlin.codegen.optimization.RedundantGotoMethodTransformer::transform @ 90 (477 bytes)
C2 CompilerThread2    33839 31607       4       org.jetbrains.kotlin.codegen.optimization.RedundantNopsCleanupMethodTransformer::recordNopsRequiredForDebugger (312 bytes)

VM state: at safepoint (normal execution)

VM Mutex/Monitor currently owned by a thread:  ([mutex/lock_event])
[0x0000013f572fa5f0] Threads_lock - owner thread: 0x0000013f75b9b130
[0x0000013f572fab90] Heap_lock - owner thread: 0x0000013f550fa780

Heap address: 0x000000070a400000, size: 3932 MB, Compressed Oops mode: Zero based, Oop shift amount: 3

CDS archive(s) not mapped
Compressed class space mapped at: 0x0000000800000000-0x0000000840000000, reserved size: 1073741824
Narrow klass base: 0x0000000800000000, Narrow klass shift: 0, Narrow klass range: 0x40000000

GC Precious Log:
 CPUs: 12 total, 12 available
 Memory: 15720M
 Large Page Support: Disabled
 NUMA Support: Disabled
 Compressed Oops: Enabled (Zero based)
 Heap Region Size: 2M
 Heap Min Capacity: 8M
 Heap Initial Capacity: 246M
 Heap Max Capacity: 3932M
 Pre-touch: Disabled
 Parallel Workers: 10
 Concurrent Workers: 3
 Concurrent Refinement Workers: 10
 Periodic GC: Disabled

Heap:
 garbage-first heap   total 888832K, used 429078K [0x000000070a400000, 0x0000000800000000)
  region size 2048K, 10 young (20480K), 10 survivors (20480K)
 Metaspace       used 100700K, committed 101056K, reserved 1146880K
  class space    used 10589K, committed 10752K, reserved 1048576K

Heap Regions: E=young(eden), S=young(survivor), O=old, HS=humongous(starts), HC=humongous(continues), CS=collection set, F=free, OA=open archive, CA=closed archive, TAMS=top-at-mark-start (previous, next)
|   0|0x000000070a400000, 0x000000070a600000, 0x000000070a600000|100%|HS|  |TAMS 0x000000070a600000, 0x000000070a400000| Complete 
|   1|0x000000070a600000, 0x000000070a800000, 0x000000070a800000|100%|HC|  |TAMS 0x000000070a800000, 0x000000070a600000| Complete 
|   2|0x000000070a800000, 0x000000070aa00000, 0x000000070aa00000|100%| O|  |TAMS 0x000000070aa00000, 0x000000070a800000| Untracked 
|   3|0x000000070aa00000, 0x000000070ac00000, 0x000000070ac00000|100%|HS|  |TAMS 0x000000070ac00000, 0x000000070aa00000| Complete 
|   4|0x000000070ac00000, 0x000000070ae00000, 0x000000070ae00000|100%|HC|  |TAMS 0x000000070ae00000, 0x000000070ac00000| Complete 
|   5|0x000000070ae00000, 0x000000070b000000, 0x000000070b000000|100%| O|  |TAMS 0x000000070b000000, 0x000000070ae00000| Untracked 
|   6|0x000000070b000000, 0x000000070b200000, 0x000000070b200000|100%| O|  |TAMS 0x000000070b200000, 0x000000070b000000| Untracked 
|   7|0x000000070b200000, 0x000000070b400000, 0x000000070b400000|100%| O|  |TAMS 0x000000070b400000, 0x000000070b200000| Untracked 
|   8|0x000000070b400000, 0x000000070b600000, 0x000000070b600000|100%| O|  |TAMS 0x000000070b600000, 0x000000070b400000| Untracked 
|   9|0x000000070b600000, 0x000000070b800000, 0x000000070b800000|100%| O|  |TAMS 0x000000070b800000, 0x000000070b600000| Untracked 
|  10|0x000000070b800000, 0x000000070ba00000, 0x000000070ba00000|100%| O|  |TAMS 0x000000070ba00000, 0x000000070b800000| Untracked 
|  11|0x000000070ba00000, 0x000000070bc00000, 0x000000070bc00000|100%|HS|  |TAMS 0x000000070bc00000, 0x000000070ba00000| Complete 
|  12|0x000000070bc00000, 0x000000070be00000, 0x000000070be00000|100%| O|  |TAMS 0x000000070be00000, 0x000000070bc00000| Untracked 
|  13|0x000000070be00000, 0x000000070c000000, 0x000000070c000000|100%| O|  |TAMS 0x000000070c000000, 0x000000070be00000| Untracked 
|  14|0x000000070c000000, 0x000000070c200000, 0x000000070c200000|100%| O|  |TAMS 0x000000070c200000, 0x000000070c000000| Untracked 
|  15|0x000000070c200000, 0x000000070c400000, 0x000000070c400000|100%| O|  |TAMS 0x000000070c400000, 0x000000070c200000| Untracked 
|  16|0x000000070c400000, 0x000000070c600000, 0x000000070c600000|100%| O|  |TAMS 0x000000070c600000, 0x000000070c400000| Untracked 
|  17|0x000000070c600000, 0x000000070c800000, 0x000000070c800000|100%| O|  |TAMS 0x000000070c800000, 0x000000070c600000| Untracked 
|  18|0x000000070c800000, 0x000000070ca00000, 0x000000070ca00000|100%| O|  |TAMS 0x000000070ca00000, 0x000000070c800000| Untracked 
|  19|0x000000070ca00000, 0x000000070cc00000, 0x000000070cc00000|100%| O|  |TAMS 0x000000070cc00000, 0x000000070ca00000| Untracked 
|  20|0x000000070cc00000, 0x000000070ce00000, 0x000000070ce00000|100%| O|  |TAMS 0x000000070ce00000, 0x000000070cc00000| Untracked 
|  21|0x000000070ce00000, 0x000000070d000000, 0x000000070d000000|100%| O|  |TAMS 0x000000070d000000, 0x000000070ce00000| Untracked 
|  22|0x000000070d000000, 0x000000070d200000, 0x000000070d200000|100%| O|  |TAMS 0x000000070d200000, 0x000000070d000000| Untracked 
|  23|0x000000070d200000, 0x000000070d400000, 0x000000070d400000|100%| O|  |TAMS 0x000000070d400000, 0x000000070d200000| Untracked 
|  24|0x000000070d400000, 0x000000070d600000, 0x000000070d600000|100%| O|  |TAMS 0x000000070d600000, 0x000000070d400000| Untracked 
|  25|0x000000070d600000, 0x000000070d800000, 0x000000070d800000|100%| O|  |TAMS 0x000000070d800000, 0x000000070d600000| Untracked 
|  26|0x000000070d800000, 0x000000070da00000, 0x000000070da00000|100%| O|  |TAMS 0x000000070da00000, 0x000000070d800000| Untracked 
|  27|0x000000070da00000, 0x000000070dc00000, 0x000000070dc00000|100%| O|  |TAMS 0x000000070dc00000, 0x000000070da00000| Untracked 
|  28|0x000000070dc00000, 0x000000070de00000, 0x000000070de00000|100%| O|  |TAMS 0x000000070de00000, 0x000000070dc00000| Untracked 
|  29|0x000000070de00000, 0x000000070e000000, 0x000000070e000000|100%| O|  |TAMS 0x000000070e000000, 0x000000070de00000| Untracked 
|  30|0x000000070e000000, 0x000000070e200000, 0x000000070e200000|100%| O|  |TAMS 0x000000070e200000, 0x000000070e000000| Untracked 
|  31|0x000000070e200000, 0x000000070e400000, 0x000000070e400000|100%| O|  |TAMS 0x000000070e400000, 0x000000070e200000| Untracked 
|  32|0x000000070e400000, 0x000000070e600000, 0x000000070e600000|100%| O|  |TAMS 0x000000070e600000, 0x000000070e400000| Untracked 
|  33|0x000000070e600000, 0x000000070e800000, 0x000000070e800000|100%| O|  |TAMS 0x000000070e800000, 0x000000070e600000| Untracked 
|  34|0x000000070e800000, 0x000000070ea00000, 0x000000070ea00000|100%| O|  |TAMS 0x000000070ea00000, 0x000000070e800000| Untracked 
|  35|0x000000070ea00000, 0x000000070ec00000, 0x000000070ec00000|100%| O|  |TAMS 0x000000070ec00000, 0x000000070ea00000| Untracked 
|  36|0x000000070ec00000, 0x000000070ee00000, 0x000000070ee00000|100%| O|  |TAMS 0x000000070ee00000, 0x000000070ec00000| Untracked 
|  37|0x000000070ee00000, 0x000000070f000000, 0x000000070f000000|100%| O|  |TAMS 0x000000070f000000, 0x000000070ee00000| Untracked 
|  38|0x000000070f000000, 0x000000070f200000, 0x000000070f200000|100%| O|  |TAMS 0x000000070f000000, 0x000000070f000000| Untracked 
|  39|0x000000070f200000, 0x000000070f400000, 0x000000070f400000|100%| O|  |TAMS 0x000000070f400000, 0x000000070f200000| Untracked 
|  40|0x000000070f400000, 0x000000070f600000, 0x000000070f600000|100%| O|  |TAMS 0x000000070f600000, 0x000000070f400000| Untracked 
|  41|0x000000070f600000, 0x000000070f800000, 0x000000070f800000|100%| O|  |TAMS 0x000000070f800000, 0x000000070f600000| Untracked 
|  42|0x000000070f800000, 0x000000070fa00000, 0x000000070fa00000|100%| O|  |TAMS 0x000000070fa00000, 0x000000070f800000| Untracked 
|  43|0x000000070fa00000, 0x000000070fc00000, 0x000000070fc00000|100%| O|  |TAMS 0x000000070fc00000, 0x000000070fa00000| Untracked 
|  44|0x000000070fc00000, 0x000000070fe00000, 0x000000070fe00000|100%| O|  |TAMS 0x000000070fe00000, 0x000000070fc00000| Untracked 
|  45|0x000000070fe00000, 0x0000000710000000, 0x0000000710000000|100%| O|  |TAMS 0x0000000710000000, 0x000000070fe00000| Untracked 
|  46|0x0000000710000000, 0x0000000710000000, 0x0000000710200000|  0%| F|  |TAMS 0x0000000710000000, 0x0000000710000000| Untracked 
|  47|0x0000000710200000, 0x0000000710400000, 0x0000000710400000|100%| O|  |TAMS 0x0000000710400000, 0x0000000710200000| Untracked 
|  48|0x0000000710400000, 0x0000000710600000, 0x0000000710600000|100%| O|  |TAMS 0x0000000710600000, 0x0000000710400000| Untracked 
|  49|0x0000000710600000, 0x0000000710800000, 0x0000000710800000|100%| O|  |TAMS 0x0000000710800000, 0x0000000710600000| Untracked 
|  50|0x0000000710800000, 0x0000000710a00000, 0x0000000710a00000|100%| O|  |TAMS 0x0000000710a00000, 0x0000000710800000| Untracked 
|  51|0x0000000710a00000, 0x0000000710c00000, 0x0000000710c00000|100%| O|  |TAMS 0x0000000710c00000, 0x0000000710a00000| Untracked 
|  52|0x0000000710c00000, 0x0000000710e00000, 0x0000000710e00000|100%| O|  |TAMS 0x0000000710e00000, 0x0000000710c00000| Untracked 
|  53|0x0000000710e00000, 0x0000000710e00000, 0x0000000711000000|  0%| F|  |TAMS 0x0000000710e00000, 0x0000000710e00000| Untracked 
|  54|0x0000000711000000, 0x0000000711000000, 0x0000000711200000|  0%| F|  |TAMS 0x0000000711000000, 0x0000000711000000| Untracked 
|  55|0x0000000711200000, 0x0000000711200000, 0x0000000711400000|  0%| F|  |TAMS 0x0000000711200000, 0x0000000711200000| Untracked 
|  56|0x0000000711400000, 0x0000000711600000, 0x0000000711600000|100%| O|  |TAMS 0x0000000711600000, 0x0000000711400000| Untracked 
|  57|0x0000000711600000, 0x0000000711800000, 0x0000000711800000|100%| O|  |TAMS 0x0000000711800000, 0x0000000711600000| Untracked 
|  58|0x0000000711800000, 0x0000000711a00000, 0x0000000711a00000|100%| O|  |TAMS 0x0000000711a00000, 0x0000000711800000| Untracked 
|  59|0x0000000711a00000, 0x0000000711a00000, 0x0000000711c00000|  0%| F|  |TAMS 0x0000000711a00000, 0x0000000711a00000| Untracked 
|  60|0x0000000711c00000, 0x0000000711c00000, 0x0000000711e00000|  0%| F|  |TAMS 0x0000000711c00000, 0x0000000711c00000| Untracked 
|  61|0x0000000711e00000, 0x0000000711e00000, 0x0000000712000000|  0%| F|  |TAMS 0x0000000711e00000, 0x0000000711e00000| Untracked 
|  62|0x0000000712000000, 0x0000000712000000, 0x0000000712200000|  0%| F|  |TAMS 0x0000000712000000, 0x0000000712000000| Untracked 
|  63|0x0000000712200000, 0x0000000712400000, 0x0000000712400000|100%| O|  |TAMS 0x0000000712400000, 0x0000000712200000| Untracked 
|  64|0x0000000712400000, 0x0000000712600000, 0x0000000712600000|100%| O|  |TAMS 0x0000000712600000, 0x0000000712400000| Untracked 
|  65|0x0000000712600000, 0x0000000712800000, 0x0000000712800000|100%| O|  |TAMS 0x0000000712800000, 0x0000000712600000| Untracked 
|  66|0x0000000712800000, 0x0000000712a00000, 0x0000000712a00000|100%| O|  |TAMS 0x0000000712a00000, 0x0000000712800000| Untracked 
|  67|0x0000000712a00000, 0x0000000712c00000, 0x0000000712c00000|100%| O|  |TAMS 0x0000000712c00000, 0x0000000712a00000| Untracked 
|  68|0x0000000712c00000, 0x0000000712c00000, 0x0000000712e00000|  0%| F|  |TAMS 0x0000000712c00000, 0x0000000712c00000| Untracked 
|  69|0x0000000712e00000, 0x0000000712e00000, 0x0000000713000000|  0%| F|  |TAMS 0x0000000712e00000, 0x0000000712e00000| Untracked 
|  70|0x0000000713000000, 0x0000000713000000, 0x0000000713200000|  0%| F|  |TAMS 0x0000000713000000, 0x0000000713000000| Untracked 
|  71|0x0000000713200000, 0x0000000713200000, 0x0000000713400000|  0%| F|  |TAMS 0x0000000713200000, 0x0000000713200000| Untracked 
|  72|0x0000000713400000, 0x0000000713400000, 0x0000000713600000|  0%| F|  |TAMS 0x0000000713400000, 0x0000000713400000| Untracked 
|  73|0x0000000713600000, 0x0000000713800000, 0x0000000713800000|100%| O|  |TAMS 0x0000000713800000, 0x0000000713600000| Untracked 
|  74|0x0000000713800000, 0x0000000713a00000, 0x0000000713a00000|100%| O|  |TAMS 0x0000000713a00000, 0x0000000713800000| Untracked 
|  75|0x0000000713a00000, 0x0000000713a00000, 0x0000000713c00000|  0%| F|  |TAMS 0x0000000713a00000, 0x0000000713a00000| Untracked 
|  76|0x0000000713c00000, 0x0000000713c00000, 0x0000000713e00000|  0%| F|  |TAMS 0x0000000713c00000, 0x0000000713c00000| Untracked 
|  77|0x0000000713e00000, 0x0000000714000000, 0x0000000714000000|100%| O|  |TAMS 0x0000000714000000, 0x0000000713e00000| Untracked 
|  78|0x0000000714000000, 0x0000000714200000, 0x0000000714200000|100%| O|  |TAMS 0x0000000714000000, 0x0000000714000000| Untracked 
|  79|0x0000000714200000, 0x0000000714400000, 0x0000000714400000|100%| O|  |TAMS 0x0000000714200000, 0x0000000714200000| Untracked 
|  80|0x0000000714400000, 0x0000000714600000, 0x0000000714600000|100%| O|  |TAMS 0x0000000714400000, 0x0000000714400000| Untracked 
|  81|0x0000000714600000, 0x0000000714800000, 0x0000000714800000|100%| O|  |TAMS 0x0000000714600000, 0x0000000714600000| Untracked 
|  82|0x0000000714800000, 0x0000000714a00000, 0x0000000714a00000|100%| O|  |TAMS 0x0000000714800000, 0x0000000714800000| Untracked 
|  83|0x0000000714a00000, 0x0000000714c00000, 0x0000000714c00000|100%| O|  |TAMS 0x0000000714c00000, 0x0000000714a00000| Untracked 
|  84|0x0000000714c00000, 0x0000000714e00000, 0x0000000714e00000|100%| O|  |TAMS 0x0000000714e00000, 0x0000000714c00000| Untracked 
|  85|0x0000000714e00000, 0x0000000714e00000, 0x0000000715000000|  0%| F|  |TAMS 0x0000000714e00000, 0x0000000714e00000| Untracked 
|  86|0x0000000715000000, 0x0000000715000000, 0x0000000715200000|  0%| F|  |TAMS 0x0000000715000000, 0x0000000715000000| Untracked 
|  87|0x0000000715200000, 0x0000000715200000, 0x0000000715400000|  0%| F|  |TAMS 0x0000000715200000, 0x0000000715200000| Untracked 
|  88|0x0000000715400000, 0x0000000715400000, 0x0000000715600000|  0%| F|  |TAMS 0x0000000715400000, 0x0000000715400000| Untracked 
|  89|0x0000000715600000, 0x0000000715600000, 0x0000000715800000|  0%| F|  |TAMS 0x0000000715600000, 0x0000000715600000| Untracked 
|  90|0x0000000715800000, 0x0000000715a00000, 0x0000000715a00000|100%| O|  |TAMS 0x0000000715a00000, 0x0000000715800000| Untracked 
|  91|0x0000000715a00000, 0x0000000715a00000, 0x0000000715c00000|  0%| F|  |TAMS 0x0000000715a00000, 0x0000000715a00000| Untracked 
|  92|0x0000000715c00000, 0x0000000715c00000, 0x0000000715e00000|  0%| F|  |TAMS 0x0000000715c00000, 0x0000000715c00000| Untracked 
|  93|0x0000000715e00000, 0x0000000716000000, 0x0000000716000000|100%| O|  |TAMS 0x0000000716000000, 0x0000000715e00000| Untracked 
|  94|0x0000000716000000, 0x0000000716000000, 0x0000000716200000|  0%| F|  |TAMS 0x0000000716000000, 0x0000000716000000| Untracked 
|  95|0x0000000716200000, 0x0000000716200000, 0x0000000716400000|  0%| F|  |TAMS 0x0000000716200000, 0x0000000716200000| Untracked 
|  96|0x0000000716400000, 0x0000000716600000, 0x0000000716600000|100%| O|  |TAMS 0x0000000716600000, 0x0000000716400000| Untracked 
|  97|0x0000000716600000, 0x0000000716800000, 0x0000000716800000|100%| O|  |TAMS 0x0000000716800000, 0x0000000716600000| Untracked 
|  98|0x0000000716800000, 0x0000000716a00000, 0x0000000716a00000|100%| O|  |TAMS 0x0000000716a00000, 0x0000000716800000| Untracked 
|  99|0x0000000716a00000, 0x0000000716c00000, 0x0000000716c00000|100%| O|  |TAMS 0x0000000716c00000, 0x0000000716a00000| Untracked 
| 100|0x0000000716c00000, 0x0000000716e00000, 0x0000000716e00000|100%| O|  |TAMS 0x0000000716e00000, 0x0000000716c00000| Untracked 
| 101|0x0000000716e00000, 0x0000000717000000, 0x0000000717000000|100%| O|  |TAMS 0x0000000717000000, 0x0000000716e00000| Untracked 
| 102|0x0000000717000000, 0x0000000717200000, 0x0000000717200000|100%| O|  |TAMS 0x0000000717200000, 0x0000000717000000| Untracked 
| 103|0x0000000717200000, 0x0000000717400000, 0x0000000717400000|100%| O|  |TAMS 0x0000000717400000, 0x0000000717200000| Untracked 
| 104|0x0000000717400000, 0x0000000717600000, 0x0000000717600000|100%| O|  |TAMS 0x0000000717600000, 0x0000000717400000| Untracked 
| 105|0x0000000717600000, 0x0000000717800000, 0x0000000717800000|100%| O|  |TAMS 0x0000000717800000, 0x0000000717600000| Untracked 
| 106|0x0000000717800000, 0x0000000717a00000, 0x0000000717a00000|100%| O|  |TAMS 0x0000000717a00000, 0x0000000717800000| Untracked 
| 107|0x0000000717a00000, 0x0000000717c00000, 0x0000000717c00000|100%| O|  |TAMS 0x0000000717c00000, 0x0000000717a00000| Untracked 
| 108|0x0000000717c00000, 0x0000000717e00000, 0x0000000717e00000|100%| O|  |TAMS 0x0000000717e00000, 0x0000000717c00000| Untracked 
| 109|0x0000000717e00000, 0x0000000718000000, 0x0000000718000000|100%| O|  |TAMS 0x0000000718000000, 0x0000000717e00000| Untracked 
| 110|0x0000000718000000, 0x0000000718200000, 0x0000000718200000|100%| O|  |TAMS 0x0000000718200000, 0x0000000718000000| Untracked 
| 111|0x0000000718200000, 0x0000000718400000, 0x0000000718400000|100%| O|  |TAMS 0x0000000718400000, 0x0000000718200000| Untracked 
| 112|0x0000000718400000, 0x0000000718600000, 0x0000000718600000|100%| O|  |TAMS 0x0000000718600000, 0x0000000718400000| Untracked 
| 113|0x0000000718600000, 0x0000000718800000, 0x0000000718800000|100%| O|  |TAMS 0x0000000718800000, 0x0000000718600000| Untracked 
| 114|0x0000000718800000, 0x0000000718a00000, 0x0000000718a00000|100%| O|  |TAMS 0x0000000718a00000, 0x0000000718800000| Untracked 
| 115|0x0000000718a00000, 0x0000000718c00000, 0x0000000718c00000|100%| O|  |TAMS 0x0000000718c00000, 0x0000000718a00000| Untracked 
| 116|0x0000000718c00000, 0x0000000718e00000, 0x0000000718e00000|100%| O|  |TAMS 0x0000000718e00000, 0x0000000718c00000| Untracked 
| 117|0x0000000718e00000, 0x0000000719000000, 0x0000000719000000|100%| O|  |TAMS 0x0000000719000000, 0x0000000718e00000| Untracked 
| 118|0x0000000719000000, 0x0000000719200000, 0x0000000719200000|100%| O|  |TAMS 0x0000000719200000, 0x0000000719000000| Untracked 
| 119|0x0000000719200000, 0x0000000719400000, 0x0000000719400000|100%| O|  |TAMS 0x0000000719400000, 0x0000000719200000| Untracked 
| 120|0x0000000719400000, 0x0000000719600000, 0x0000000719600000|100%| O|  |TAMS 0x0000000719600000, 0x0000000719400000| Untracked 
| 121|0x0000000719600000, 0x0000000719800000, 0x0000000719800000|100%| O|  |TAMS 0x0000000719800000, 0x0000000719600000| Untracked 
| 122|0x0000000719800000, 0x0000000719a00000, 0x0000000719a00000|100%| O|  |TAMS 0x0000000719a00000, 0x0000000719800000| Untracked 
| 123|0x0000000719a00000, 0x0000000719c00000, 0x0000000719c00000|100%| O|  |TAMS 0x0000000719a00000, 0x0000000719a00000| Untracked 
| 124|0x0000000719c00000, 0x0000000719c00000, 0x0000000719e00000|  0%| F|  |TAMS 0x0000000719c00000, 0x0000000719c00000| Untracked 
| 125|0x0000000719e00000, 0x000000071a000000, 0x000000071a000000|100%| O|  |TAMS 0x0000000719e00000, 0x0000000719e00000| Untracked 
| 126|0x000000071a000000, 0x000000071a200000, 0x000000071a200000|100%| O|  |TAMS 0x000000071a200000, 0x000000071a000000| Untracked 
| 127|0x000000071a200000, 0x000000071a400000, 0x000000071a400000|100%| O|  |TAMS 0x000000071a400000, 0x000000071a200000| Untracked 
| 128|0x000000071a400000, 0x000000071a600000, 0x000000071a600000|100%| O|  |TAMS 0x000000071a600000, 0x000000071a400000| Untracked 
| 129|0x000000071a600000, 0x000000071a600000, 0x000000071a800000|  0%| F|  |TAMS 0x000000071a600000, 0x000000071a600000| Untracked 
| 130|0x000000071a800000, 0x000000071aa00000, 0x000000071aa00000|100%| O|  |TAMS 0x000000071aa00000, 0x000000071a800000| Untracked 
| 131|0x000000071aa00000, 0x000000071ac00000, 0x000000071ac00000|100%| O|  |TAMS 0x000000071ac00000, 0x000000071aa00000| Untracked 
| 132|0x000000071ac00000, 0x000000071ae00000, 0x000000071ae00000|100%| O|  |TAMS 0x000000071ae00000, 0x000000071ac00000| Untracked 
| 133|0x000000071ae00000, 0x000000071ae00000, 0x000000071b000000|  0%| F|  |TAMS 0x000000071ae00000, 0x000000071ae00000| Untracked 
| 134|0x000000071b000000, 0x000000071b200000, 0x000000071b200000|100%| O|  |TAMS 0x000000071b200000, 0x000000071b000000| Untracked 
| 135|0x000000071b200000, 0x000000071b400000, 0x000000071b400000|100%| O|  |TAMS 0x000000071b400000, 0x000000071b200000| Untracked 
| 136|0x000000071b400000, 0x000000071b600000, 0x000000071b600000|100%| O|  |TAMS 0x000000071b600000, 0x000000071b400000| Untracked 
| 137|0x000000071b600000, 0x000000071b600000, 0x000000071b800000|  0%| F|  |TAMS 0x000000071b600000, 0x000000071b600000| Untracked 
| 138|0x000000071b800000, 0x000000071b800000, 0x000000071ba00000|  0%| F|  |TAMS 0x000000071b800000, 0x000000071b800000| Untracked 
| 139|0x000000071ba00000, 0x000000071bc00000, 0x000000071bc00000|100%| O|  |TAMS 0x000000071bc00000, 0x000000071ba00000| Untracked 
| 140|0x000000071bc00000, 0x000000071be00000, 0x000000071be00000|100%| O|  |TAMS 0x000000071be00000, 0x000000071bc00000| Untracked 
| 141|0x000000071be00000, 0x000000071c000000, 0x000000071c000000|100%| O|  |TAMS 0x000000071c000000, 0x000000071be00000| Untracked 
| 142|0x000000071c000000, 0x000000071c200000, 0x000000071c200000|100%| O|  |TAMS 0x000000071c200000, 0x000000071c000000| Untracked 
| 143|0x000000071c200000, 0x000000071c400000, 0x000000071c400000|100%| O|  |TAMS 0x000000071c400000, 0x000000071c200000| Untracked 
| 144|0x000000071c400000, 0x000000071c600000, 0x000000071c600000|100%| O|  |TAMS 0x000000071c600000, 0x000000071c400000| Untracked 
| 145|0x000000071c600000, 0x000000071c800000, 0x000000071c800000|100%| O|  |TAMS 0x000000071c800000, 0x000000071c600000| Untracked 
| 146|0x000000071c800000, 0x000000071ca00000, 0x000000071ca00000|100%| O|  |TAMS 0x000000071ca00000, 0x000000071c800000| Untracked 
| 147|0x000000071ca00000, 0x000000071cc00000, 0x000000071cc00000|100%| O|  |TAMS 0x000000071cc00000, 0x000000071ca00000| Untracked 
| 148|0x000000071cc00000, 0x000000071ce00000, 0x000000071ce00000|100%| O|  |TAMS 0x000000071ce00000, 0x000000071cc00000| Untracked 
| 149|0x000000071ce00000, 0x000000071d000000, 0x000000071d000000|100%| O|  |TAMS 0x000000071d000000, 0x000000071ce00000| Untracked 
| 150|0x000000071d000000, 0x000000071d200000, 0x000000071d200000|100%| O|  |TAMS 0x000000071d200000, 0x000000071d000000| Untracked 
| 151|0x000000071d200000, 0x000000071d400000, 0x000000071d400000|100%| O|  |TAMS 0x000000071d400000, 0x000000071d200000| Untracked 
| 152|0x000000071d400000, 0x000000071d600000, 0x000000071d600000|100%| O|  |TAMS 0x000000071d600000, 0x000000071d400000| Untracked 
| 153|0x000000071d600000, 0x000000071d800000, 0x000000071d800000|100%| O|  |TAMS 0x000000071d800000, 0x000000071d600000| Untracked 
| 154|0x000000071d800000, 0x000000071da00000, 0x000000071da00000|100%| O|  |TAMS 0x000000071da00000, 0x000000071d800000| Untracked 
| 155|0x000000071da00000, 0x000000071dc00000, 0x000000071dc00000|100%| O|  |TAMS 0x000000071dc00000, 0x000000071da00000| Untracked 
| 156|0x000000071dc00000, 0x000000071de00000, 0x000000071de00000|100%| O|  |TAMS 0x000000071de00000, 0x000000071dc00000| Untracked 
| 157|0x000000071de00000, 0x000000071e000000, 0x000000071e000000|100%| O|  |TAMS 0x000000071e000000, 0x000000071de00000| Untracked 
| 158|0x000000071e000000, 0x000000071e200000, 0x000000071e200000|100%| O|  |TAMS 0x000000071e200000, 0x000000071e000000| Untracked 
| 159|0x000000071e200000, 0x000000071e400000, 0x000000071e400000|100%| O|  |TAMS 0x000000071e400000, 0x000000071e200000| Untracked 
| 160|0x000000071e400000, 0x000000071e600000, 0x000000071e600000|100%| O|  |TAMS 0x000000071e600000, 0x000000071e400000| Untracked 
| 161|0x000000071e600000, 0x000000071e800000, 0x000000071e800000|100%| O|  |TAMS 0x000000071e800000, 0x000000071e600000| Untracked 
| 162|0x000000071e800000, 0x000000071ea00000, 0x000000071ea00000|100%| O|  |TAMS 0x000000071ea00000, 0x000000071e800000| Untracked 
| 163|0x000000071ea00000, 0x000000071ec00000, 0x000000071ec00000|100%| O|  |TAMS 0x000000071ec00000, 0x000000071ea00000| Untracked 
| 164|0x000000071ec00000, 0x000000071ee00000, 0x000000071ee00000|100%| O|  |TAMS 0x000000071ee00000, 0x000000071ec00000| Untracked 
| 165|0x000000071ee00000, 0x000000071f000000, 0x000000071f000000|100%| O|  |TAMS 0x000000071f000000, 0x000000071ee00000| Untracked 
| 166|0x000000071f000000, 0x000000071f200000, 0x000000071f200000|100%| O|  |TAMS 0x000000071f200000, 0x000000071f000000| Untracked 
| 167|0x000000071f200000, 0x000000071f400000, 0x000000071f400000|100%| O|  |TAMS 0x000000071f400000, 0x000000071f200000| Untracked 
| 168|0x000000071f400000, 0x000000071f600000, 0x000000071f600000|100%| O|  |TAMS 0x000000071f600000, 0x000000071f400000| Untracked 
| 169|0x000000071f600000, 0x000000071f800000, 0x000000071f800000|100%| O|  |TAMS 0x000000071f800000, 0x000000071f600000| Untracked 
| 170|0x000000071f800000, 0x000000071fa00000, 0x000000071fa00000|100%| O|  |TAMS 0x000000071fa00000, 0x000000071f800000| Untracked 
| 171|0x000000071fa00000, 0x000000071fc00000, 0x000000071fc00000|100%| O|  |TAMS 0x000000071fc00000, 0x000000071fa00000| Untracked 
| 172|0x000000071fc00000, 0x000000071fe00000, 0x000000071fe00000|100%| O|  |TAMS 0x000000071fe00000, 0x000000071fc00000| Untracked 
| 173|0x000000071fe00000, 0x0000000720000000, 0x0000000720000000|100%| O|  |TAMS 0x0000000720000000, 0x000000071fe00000| Untracked 
| 174|0x0000000720000000, 0x0000000720200000, 0x0000000720200000|100%| O|  |TAMS 0x0000000720200000, 0x0000000720000000| Untracked 
| 175|0x0000000720200000, 0x0000000720400000, 0x0000000720400000|100%| O|  |TAMS 0x0000000720400000, 0x0000000720200000| Untracked 
| 176|0x0000000720400000, 0x0000000720600000, 0x0000000720600000|100%| O|  |TAMS 0x0000000720600000, 0x0000000720400000| Untracked 
| 177|0x0000000720600000, 0x0000000720600000, 0x0000000720800000|  0%| F|  |TAMS 0x0000000720600000, 0x0000000720600000| Untracked 
| 178|0x0000000720800000, 0x0000000720a00000, 0x0000000720a00000|100%| O|  |TAMS 0x0000000720a00000, 0x0000000720800000| Untracked 
| 179|0x0000000720a00000, 0x0000000720c00000, 0x0000000720c00000|100%| O|  |TAMS 0x0000000720c00000, 0x0000000720a00000| Untracked 
| 180|0x0000000720c00000, 0x0000000720e00000, 0x0000000720e00000|100%| O|  |TAMS 0x0000000720e00000, 0x0000000720c00000| Untracked 
| 181|0x0000000720e00000, 0x0000000721000000, 0x0000000721000000|100%| O|  |TAMS 0x0000000721000000, 0x0000000720e00000| Untracked 
| 182|0x0000000721000000, 0x0000000721200000, 0x0000000721200000|100%| O|  |TAMS 0x0000000721200000, 0x0000000721000000| Untracked 
| 183|0x0000000721200000, 0x0000000721400000, 0x0000000721400000|100%| O|  |TAMS 0x0000000721400000, 0x0000000721200000| Untracked 
| 184|0x0000000721400000, 0x0000000721600000, 0x0000000721600000|100%| O|  |TAMS 0x0000000721600000, 0x0000000721400000| Untracked 
| 185|0x0000000721600000, 0x0000000721800000, 0x0000000721800000|100%| O|  |TAMS 0x0000000721800000, 0x0000000721600000| Untracked 
| 186|0x0000000721800000, 0x0000000721a00000, 0x0000000721a00000|100%| O|  |TAMS 0x0000000721a00000, 0x0000000721800000| Untracked 
| 187|0x0000000721a00000, 0x0000000721c00000, 0x0000000721c00000|100%| O|  |TAMS 0x0000000721c00000, 0x0000000721a00000| Untracked 
| 188|0x0000000721c00000, 0x0000000721e00000, 0x0000000721e00000|100%| O|  |TAMS 0x0000000721e00000, 0x0000000721c00000| Untracked 
| 189|0x0000000721e00000, 0x0000000721e00000, 0x0000000722000000|  0%| F|  |TAMS 0x0000000721e00000, 0x0000000721e00000| Untracked 
| 190|0x0000000722000000, 0x0000000722200000, 0x0000000722200000|100%| O|  |TAMS 0x0000000722200000, 0x0000000722000000| Untracked 
| 191|0x0000000722200000, 0x0000000722400000, 0x0000000722400000|100%| O|  |TAMS 0x0000000722400000, 0x0000000722200000| Untracked 
| 192|0x0000000722400000, 0x0000000722600000, 0x0000000722600000|100%| O|  |TAMS 0x0000000722600000, 0x0000000722400000| Untracked 
| 193|0x0000000722600000, 0x0000000722800000, 0x0000000722800000|100%| O|  |TAMS 0x0000000722800000, 0x0000000722600000| Untracked 
| 194|0x0000000722800000, 0x0000000722a00000, 0x0000000722a00000|100%| O|  |TAMS 0x0000000722a00000, 0x0000000722800000| Untracked 
| 195|0x0000000722a00000, 0x0000000722c00000, 0x0000000722c00000|100%| O|  |TAMS 0x0000000722c00000, 0x0000000722a00000| Untracked 
| 196|0x0000000722c00000, 0x0000000722e00000, 0x0000000722e00000|100%| O|  |TAMS 0x0000000722e00000, 0x0000000722c00000| Untracked 
| 197|0x0000000722e00000, 0x0000000723000000, 0x0000000723000000|100%| O|  |TAMS 0x0000000723000000, 0x0000000722e00000| Untracked 
| 198|0x0000000723000000, 0x0000000723200000, 0x0000000723200000|100%| O|  |TAMS 0x0000000723200000, 0x0000000723000000| Untracked 
| 199|0x0000000723200000, 0x0000000723400000, 0x0000000723400000|100%| O|  |TAMS 0x0000000723400000, 0x0000000723200000| Untracked 
| 200|0x0000000723400000, 0x0000000723600000, 0x0000000723600000|100%| O|  |TAMS 0x0000000723600000, 0x0000000723400000| Untracked 
| 201|0x0000000723600000, 0x0000000723800000, 0x0000000723800000|100%| O|  |TAMS 0x0000000723800000, 0x0000000723600000| Untracked 
| 202|0x0000000723800000, 0x0000000723a00000, 0x0000000723a00000|100%| O|  |TAMS 0x0000000723a00000, 0x0000000723800000| Untracked 
| 203|0x0000000723a00000, 0x0000000723c00000, 0x0000000723c00000|100%| O|  |TAMS 0x0000000723c00000, 0x0000000723a00000| Untracked 
| 204|0x0000000723c00000, 0x0000000723e00000, 0x0000000723e00000|100%| O|  |TAMS 0x0000000723e00000, 0x0000000723c00000| Untracked 
| 205|0x0000000723e00000, 0x0000000724000000, 0x0000000724000000|100%| O|  |TAMS 0x0000000724000000, 0x0000000723e00000| Untracked 
| 206|0x0000000724000000, 0x0000000724200000, 0x0000000724200000|100%| O|  |TAMS 0x0000000724200000, 0x0000000724000000| Untracked 
| 207|0x0000000724200000, 0x0000000724400000, 0x0000000724400000|100%| O|  |TAMS 0x0000000724400000, 0x0000000724200000| Untracked 
| 208|0x0000000724400000, 0x0000000724600000, 0x0000000724600000|100%| O|  |TAMS 0x0000000724600000, 0x0000000724400000| Untracked 
| 209|0x0000000724600000, 0x0000000724800000, 0x0000000724800000|100%| O|  |TAMS 0x0000000724800000, 0x0000000724600000| Untracked 
| 210|0x0000000724800000, 0x0000000724a00000, 0x0000000724a00000|100%| O|  |TAMS 0x0000000724a00000, 0x0000000724800000| Untracked 
| 211|0x0000000724a00000, 0x0000000724c00000, 0x0000000724c00000|100%| O|  |TAMS 0x0000000724c00000, 0x0000000724a00000| Untracked 
| 212|0x0000000724c00000, 0x0000000724e00000, 0x0000000724e00000|100%| O|  |TAMS 0x0000000724e00000, 0x0000000724c00000| Untracked 
| 213|0x0000000724e00000, 0x0000000725000000, 0x0000000725000000|100%| O|  |TAMS 0x0000000725000000, 0x0000000724e00000| Untracked 
| 214|0x0000000725000000, 0x0000000725200000, 0x0000000725200000|100%| O|  |TAMS 0x0000000725200000, 0x0000000725000000| Untracked 
| 215|0x0000000725200000, 0x0000000725400000, 0x0000000725400000|100%| O|  |TAMS 0x0000000725400000, 0x0000000725200000| Untracked 
| 216|0x0000000725400000, 0x0000000725600000, 0x0000000725600000|100%| O|  |TAMS 0x0000000725600000, 0x0000000725400000| Untracked 
| 217|0x0000000725600000, 0x0000000725800000, 0x0000000725800000|100%| O|  |TAMS 0x0000000725800000, 0x0000000725600000| Untracked 
| 218|0x0000000725800000, 0x0000000725a00000, 0x0000000725a00000|100%| O|  |TAMS 0x0000000725a00000, 0x0000000725800000| Untracked 
| 219|0x0000000725a00000, 0x0000000725a00000, 0x0000000725c00000|  0%| F|  |TAMS 0x0000000725a00000, 0x0000000725a00000| Untracked 
| 220|0x0000000725c00000, 0x0000000725e00000, 0x0000000725e00000|100%| O|  |TAMS 0x0000000725e00000, 0x0000000725c00000| Untracked 
| 221|0x0000000725e00000, 0x0000000725e00000, 0x0000000726000000|  0%| F|  |TAMS 0x0000000725e00000, 0x0000000725e00000| Untracked 
| 222|0x0000000726000000, 0x0000000726200000, 0x0000000726200000|100%| O|  |TAMS 0x00000007260bbe00, 0x0000000726000000| Untracked 
| 223|0x0000000726200000, 0x0000000726400000, 0x0000000726400000|100%| O|  |TAMS 0x0000000726200000, 0x0000000726200000| Untracked 
| 224|0x0000000726400000, 0x0000000726600000, 0x0000000726600000|100%| O|  |TAMS 0x0000000726400000, 0x0000000726400000| Untracked 
| 225|0x0000000726600000, 0x0000000726800000, 0x0000000726800000|100%| O|  |TAMS 0x0000000726600000, 0x0000000726600000| Untracked 
| 226|0x0000000726800000, 0x0000000726a00000, 0x0000000726a00000|100%| O|  |TAMS 0x0000000726800000, 0x0000000726800000| Untracked 
| 227|0x0000000726a00000, 0x0000000726c00000, 0x0000000726c00000|100%| O|  |TAMS 0x0000000726a00000, 0x0000000726a00000| Untracked 
| 228|0x0000000726c00000, 0x0000000726e00000, 0x0000000726e00000|100%| O|  |TAMS 0x0000000726c00000, 0x0000000726c00000| Untracked 
| 229|0x0000000726e00000, 0x0000000727000000, 0x0000000727000000|100%| O|  |TAMS 0x0000000726e00000, 0x0000000726e00000| Untracked 
| 230|0x0000000727000000, 0x0000000727200000, 0x0000000727200000|100%| O|  |TAMS 0x0000000727000000, 0x0000000727000000| Untracked 
| 231|0x0000000727200000, 0x0000000727400000, 0x0000000727400000|100%| O|  |TAMS 0x0000000727200000, 0x0000000727200000| Untracked 
| 232|0x0000000727400000, 0x0000000727600000, 0x0000000727600000|100%| O|  |TAMS 0x0000000727400000, 0x0000000727400000| Untracked 
| 233|0x0000000727600000, 0x00000007276d3200, 0x0000000727800000| 41%| O|  |TAMS 0x0000000727600000, 0x0000000727600000| Untracked 
| 234|0x0000000727800000, 0x0000000727800000, 0x0000000727a00000|  0%| F|  |TAMS 0x0000000727800000, 0x0000000727800000| Untracked 
| 235|0x0000000727a00000, 0x0000000727a00000, 0x0000000727c00000|  0%| F|  |TAMS 0x0000000727a00000, 0x0000000727a00000| Untracked 
| 236|0x0000000727c00000, 0x0000000727c00000, 0x0000000727e00000|  0%| F|  |TAMS 0x0000000727c00000, 0x0000000727c00000| Untracked 
| 237|0x0000000727e00000, 0x0000000727e00000, 0x0000000728000000|  0%| F|  |TAMS 0x0000000727e00000, 0x0000000727e00000| Untracked 
| 238|0x0000000728000000, 0x0000000728000000, 0x0000000728200000|  0%| F|  |TAMS 0x0000000728000000, 0x0000000728000000| Untracked 
| 239|0x0000000728200000, 0x0000000728200000, 0x0000000728400000|  0%| F|  |TAMS 0x0000000728200000, 0x0000000728200000| Untracked 
| 240|0x0000000728400000, 0x0000000728400000, 0x0000000728600000|  0%| F|  |TAMS 0x0000000728400000, 0x0000000728400000| Untracked 
| 241|0x0000000728600000, 0x0000000728600000, 0x0000000728800000|  0%| F|  |TAMS 0x0000000728600000, 0x0000000728600000| Untracked 
| 242|0x0000000728800000, 0x0000000728800000, 0x0000000728a00000|  0%| F|  |TAMS 0x0000000728800000, 0x0000000728800000| Untracked 
| 243|0x0000000728a00000, 0x0000000728a00000, 0x0000000728c00000|  0%| F|  |TAMS 0x0000000728a00000, 0x0000000728a00000| Untracked 
| 244|0x0000000728c00000, 0x0000000728c00000, 0x0000000728e00000|  0%| F|  |TAMS 0x0000000728c00000, 0x0000000728c00000| Untracked 
| 245|0x0000000728e00000, 0x0000000728e00000, 0x0000000729000000|  0%| F|  |TAMS 0x0000000728e00000, 0x0000000728e00000| Untracked 
| 246|0x0000000729000000, 0x0000000729000000, 0x0000000729200000|  0%| F|  |TAMS 0x0000000729000000, 0x0000000729000000| Untracked 
| 247|0x0000000729200000, 0x0000000729200000, 0x0000000729400000|  0%| F|  |TAMS 0x0000000729200000, 0x0000000729200000| Untracked 
| 248|0x0000000729400000, 0x0000000729400000, 0x0000000729600000|  0%| F|  |TAMS 0x0000000729400000, 0x0000000729400000| Untracked 
| 249|0x0000000729600000, 0x0000000729600000, 0x0000000729800000|  0%| F|  |TAMS 0x0000000729600000, 0x0000000729600000| Untracked 
| 250|0x0000000729800000, 0x0000000729800000, 0x0000000729a00000|  0%| F|  |TAMS 0x0000000729800000, 0x0000000729800000| Untracked 
| 251|0x0000000729a00000, 0x0000000729a00000, 0x0000000729c00000|  0%| F|  |TAMS 0x0000000729a00000, 0x0000000729a00000| Untracked 
| 252|0x0000000729c00000, 0x0000000729c00000, 0x0000000729e00000|  0%| F|  |TAMS 0x0000000729c00000, 0x0000000729c00000| Untracked 
| 253|0x0000000729e00000, 0x0000000729e00000, 0x000000072a000000|  0%| F|  |TAMS 0x0000000729e00000, 0x0000000729e00000| Untracked 
| 254|0x000000072a000000, 0x000000072a000000, 0x000000072a200000|  0%| F|  |TAMS 0x000000072a000000, 0x000000072a000000| Untracked 
| 255|0x000000072a200000, 0x000000072a200000, 0x000000072a400000|  0%| F|  |TAMS 0x000000072a200000, 0x000000072a200000| Untracked 
| 256|0x000000072a400000, 0x000000072a400000, 0x000000072a600000|  0%| F|  |TAMS 0x000000072a400000, 0x000000072a400000| Untracked 
| 257|0x000000072a600000, 0x000000072a600000, 0x000000072a800000|  0%| F|  |TAMS 0x000000072a600000, 0x000000072a600000| Untracked 
| 258|0x000000072a800000, 0x000000072a800000, 0x000000072aa00000|  0%| F|  |TAMS 0x000000072a800000, 0x000000072a800000| Untracked 
| 259|0x000000072aa00000, 0x000000072aa328f0, 0x000000072ac00000|  9%| S|CS|TAMS 0x000000072aa00000, 0x000000072aa00000| Complete 
| 260|0x000000072ac00000, 0x000000072ae00000, 0x000000072ae00000|100%| S|CS|TAMS 0x000000072ac00000, 0x000000072ac00000| Complete 
| 261|0x000000072ae00000, 0x000000072b000000, 0x000000072b000000|100%| S|CS|TAMS 0x000000072ae00000, 0x000000072ae00000| Complete 
| 262|0x000000072b000000, 0x000000072b200000, 0x000000072b200000|100%| S|CS|TAMS 0x000000072b000000, 0x000000072b000000| Complete 
| 263|0x000000072b200000, 0x000000072b400000, 0x000000072b400000|100%| S|CS|TAMS 0x000000072b200000, 0x000000072b200000| Complete 
| 264|0x000000072b400000, 0x000000072b600000, 0x000000072b600000|100%| S|CS|TAMS 0x000000072b400000, 0x000000072b400000| Complete 
| 265|0x000000072b600000, 0x000000072b800000, 0x000000072b800000|100%| S|CS|TAMS 0x000000072b600000, 0x000000072b600000| Complete 
| 266|0x000000072b800000, 0x000000072ba00000, 0x000000072ba00000|100%| S|CS|TAMS 0x000000072b800000, 0x000000072b800000| Complete 
| 267|0x000000072ba00000, 0x000000072bc00000, 0x000000072bc00000|100%| S|CS|TAMS 0x000000072ba00000, 0x000000072ba00000| Complete 
| 268|0x000000072bc00000, 0x000000072be00000, 0x000000072be00000|100%| S|CS|TAMS 0x000000072bc00000, 0x000000072bc00000| Complete 
| 269|0x000000072be00000, 0x000000072be00000, 0x000000072c000000|  0%| F|  |TAMS 0x000000072be00000, 0x000000072be00000| Untracked 
| 270|0x000000072c000000, 0x000000072c000000, 0x000000072c200000|  0%| F|  |TAMS 0x000000072c000000, 0x000000072c000000| Untracked 
| 271|0x000000072c200000, 0x000000072c200000, 0x000000072c400000|  0%| F|  |TAMS 0x000000072c200000, 0x000000072c200000| Untracked 
| 272|0x000000072c400000, 0x000000072c400000, 0x000000072c600000|  0%| F|  |TAMS 0x000000072c400000, 0x000000072c400000| Untracked 
| 273|0x000000072c600000, 0x000000072c600000, 0x000000072c800000|  0%| F|  |TAMS 0x000000072c600000, 0x000000072c600000| Untracked 
| 274|0x000000072c800000, 0x000000072c800000, 0x000000072ca00000|  0%| F|  |TAMS 0x000000072c800000, 0x000000072c800000| Untracked 
| 275|0x000000072ca00000, 0x000000072ca00000, 0x000000072cc00000|  0%| F|  |TAMS 0x000000072ca00000, 0x000000072ca00000| Untracked 
| 276|0x000000072cc00000, 0x000000072cc00000, 0x000000072ce00000|  0%| F|  |TAMS 0x000000072cc00000, 0x000000072cc00000| Untracked 
| 277|0x000000072ce00000, 0x000000072ce00000, 0x000000072d000000|  0%| F|  |TAMS 0x000000072ce00000, 0x000000072ce00000| Untracked 
| 278|0x000000072d000000, 0x000000072d000000, 0x000000072d200000|  0%| F|  |TAMS 0x000000072d000000, 0x000000072d000000| Untracked 
| 279|0x000000072d200000, 0x000000072d200000, 0x000000072d400000|  0%| F|  |TAMS 0x000000072d200000, 0x000000072d200000| Untracked 
| 280|0x000000072d400000, 0x000000072d400000, 0x000000072d600000|  0%| F|  |TAMS 0x000000072d400000, 0x000000072d400000| Untracked 
| 281|0x000000072d600000, 0x000000072d600000, 0x000000072d800000|  0%| F|  |TAMS 0x000000072d600000, 0x000000072d600000| Untracked 
| 282|0x000000072d800000, 0x000000072d800000, 0x000000072da00000|  0%| F|  |TAMS 0x000000072d800000, 0x000000072d800000| Untracked 
| 283|0x000000072da00000, 0x000000072da00000, 0x000000072dc00000|  0%| F|  |TAMS 0x000000072da00000, 0x000000072da00000| Untracked 
| 284|0x000000072dc00000, 0x000000072dc00000, 0x000000072de00000|  0%| F|  |TAMS 0x000000072dc00000, 0x000000072dc00000| Untracked 
| 285|0x000000072de00000, 0x000000072de00000, 0x000000072e000000|  0%| F|  |TAMS 0x000000072de00000, 0x000000072de00000| Untracked 
| 286|0x000000072e000000, 0x000000072e000000, 0x000000072e200000|  0%| F|  |TAMS 0x000000072e000000, 0x000000072e000000| Untracked 
| 287|0x000000072e200000, 0x000000072e200000, 0x000000072e400000|  0%| F|  |TAMS 0x000000072e200000, 0x000000072e200000| Untracked 
| 288|0x000000072e400000, 0x000000072e400000, 0x000000072e600000|  0%| F|  |TAMS 0x000000072e400000, 0x000000072e400000| Untracked 
| 289|0x000000072e600000, 0x000000072e600000, 0x000000072e800000|  0%| F|  |TAMS 0x000000072e600000, 0x000000072e600000| Untracked 
| 290|0x000000072e800000, 0x000000072e800000, 0x000000072ea00000|  0%| F|  |TAMS 0x000000072e800000, 0x000000072e800000| Untracked 
| 291|0x000000072ea00000, 0x000000072ea00000, 0x000000072ec00000|  0%| F|  |TAMS 0x000000072ea00000, 0x000000072ea00000| Untracked 
| 292|0x000000072ec00000, 0x000000072ec00000, 0x000000072ee00000|  0%| F|  |TAMS 0x000000072ec00000, 0x000000072ec00000| Untracked 
| 293|0x000000072ee00000, 0x000000072ee00000, 0x000000072f000000|  0%| F|  |TAMS 0x000000072ee00000, 0x000000072ee00000| Untracked 
| 294|0x000000072f000000, 0x000000072f000000, 0x000000072f200000|  0%| F|  |TAMS 0x000000072f000000, 0x000000072f000000| Untracked 
| 295|0x000000072f200000, 0x000000072f200000, 0x000000072f400000|  0%| F|  |TAMS 0x000000072f200000, 0x000000072f200000| Untracked 
| 296|0x000000072f400000, 0x000000072f400000, 0x000000072f600000|  0%| F|  |TAMS 0x000000072f400000, 0x000000072f400000| Untracked 
| 297|0x000000072f600000, 0x000000072f600000, 0x000000072f800000|  0%| F|  |TAMS 0x000000072f600000, 0x000000072f600000| Untracked 
| 298|0x000000072f800000, 0x000000072f800000, 0x000000072fa00000|  0%| F|  |TAMS 0x000000072f800000, 0x000000072f800000| Untracked 
| 299|0x000000072fa00000, 0x000000072fa00000, 0x000000072fc00000|  0%| F|  |TAMS 0x000000072fa00000, 0x000000072fa00000| Untracked 
| 300|0x000000072fc00000, 0x000000072fc00000, 0x000000072fe00000|  0%| F|  |TAMS 0x000000072fc00000, 0x000000072fc00000| Untracked 
| 301|0x000000072fe00000, 0x000000072fe00000, 0x0000000730000000|  0%| F|  |TAMS 0x000000072fe00000, 0x000000072fe00000| Untracked 
| 302|0x0000000730000000, 0x0000000730000000, 0x0000000730200000|  0%| F|  |TAMS 0x0000000730000000, 0x0000000730000000| Untracked 
| 303|0x0000000730200000, 0x0000000730200000, 0x0000000730400000|  0%| F|  |TAMS 0x0000000730200000, 0x0000000730200000| Untracked 
| 304|0x0000000730400000, 0x0000000730400000, 0x0000000730600000|  0%| F|  |TAMS 0x0000000730400000, 0x0000000730400000| Untracked 
| 305|0x0000000730600000, 0x0000000730600000, 0x0000000730800000|  0%| F|  |TAMS 0x0000000730600000, 0x0000000730600000| Untracked 
| 306|0x0000000730800000, 0x0000000730800000, 0x0000000730a00000|  0%| F|  |TAMS 0x0000000730800000, 0x0000000730800000| Untracked 
| 307|0x0000000730a00000, 0x0000000730a00000, 0x0000000730c00000|  0%| F|  |TAMS 0x0000000730a00000, 0x0000000730a00000| Untracked 
| 308|0x0000000730c00000, 0x0000000730c00000, 0x0000000730e00000|  0%| F|  |TAMS 0x0000000730c00000, 0x0000000730c00000| Untracked 
| 309|0x0000000730e00000, 0x0000000730e00000, 0x0000000731000000|  0%| F|  |TAMS 0x0000000730e00000, 0x0000000730e00000| Untracked 
| 310|0x0000000731000000, 0x0000000731000000, 0x0000000731200000|  0%| F|  |TAMS 0x0000000731000000, 0x0000000731000000| Untracked 
| 311|0x0000000731200000, 0x0000000731200000, 0x0000000731400000|  0%| F|  |TAMS 0x0000000731200000, 0x0000000731200000| Untracked 
| 312|0x0000000731400000, 0x0000000731400000, 0x0000000731600000|  0%| F|  |TAMS 0x0000000731400000, 0x0000000731400000| Untracked 
| 313|0x0000000731600000, 0x0000000731600000, 0x0000000731800000|  0%| F|  |TAMS 0x0000000731600000, 0x0000000731600000| Untracked 
| 314|0x0000000731800000, 0x0000000731800000, 0x0000000731a00000|  0%| F|  |TAMS 0x0000000731800000, 0x0000000731800000| Untracked 
| 315|0x0000000731a00000, 0x0000000731a00000, 0x0000000731c00000|  0%| F|  |TAMS 0x0000000731a00000, 0x0000000731a00000| Untracked 
| 316|0x0000000731c00000, 0x0000000731c00000, 0x0000000731e00000|  0%| F|  |TAMS 0x0000000731c00000, 0x0000000731c00000| Untracked 
| 317|0x0000000731e00000, 0x0000000731e00000, 0x0000000732000000|  0%| F|  |TAMS 0x0000000731e00000, 0x0000000731e00000| Untracked 
| 318|0x0000000732000000, 0x0000000732000000, 0x0000000732200000|  0%| F|  |TAMS 0x0000000732000000, 0x0000000732000000| Untracked 
| 319|0x0000000732200000, 0x0000000732200000, 0x0000000732400000|  0%| F|  |TAMS 0x0000000732200000, 0x0000000732200000| Untracked 
| 320|0x0000000732400000, 0x0000000732400000, 0x0000000732600000|  0%| F|  |TAMS 0x0000000732400000, 0x0000000732400000| Untracked 
| 321|0x0000000732600000, 0x0000000732600000, 0x0000000732800000|  0%| F|  |TAMS 0x0000000732600000, 0x0000000732600000| Untracked 
| 322|0x0000000732800000, 0x0000000732800000, 0x0000000732a00000|  0%| F|  |TAMS 0x0000000732800000, 0x0000000732800000| Untracked 
| 323|0x0000000732a00000, 0x0000000732a00000, 0x0000000732c00000|  0%| F|  |TAMS 0x0000000732a00000, 0x0000000732a00000| Untracked 
| 324|0x0000000732c00000, 0x0000000732c00000, 0x0000000732e00000|  0%| F|  |TAMS 0x0000000732c00000, 0x0000000732c00000| Untracked 
| 325|0x0000000732e00000, 0x0000000732e00000, 0x0000000733000000|  0%| F|  |TAMS 0x0000000732e00000, 0x0000000732e00000| Untracked 
| 326|0x0000000733000000, 0x0000000733000000, 0x0000000733200000|  0%| F|  |TAMS 0x0000000733000000, 0x0000000733000000| Untracked 
| 327|0x0000000733200000, 0x0000000733200000, 0x0000000733400000|  0%| F|  |TAMS 0x0000000733200000, 0x0000000733200000| Untracked 
| 328|0x0000000733400000, 0x0000000733400000, 0x0000000733600000|  0%| F|  |TAMS 0x0000000733400000, 0x0000000733400000| Untracked 
| 329|0x0000000733600000, 0x0000000733600000, 0x0000000733800000|  0%| F|  |TAMS 0x0000000733600000, 0x0000000733600000| Untracked 
| 330|0x0000000733800000, 0x0000000733800000, 0x0000000733a00000|  0%| F|  |TAMS 0x0000000733800000, 0x0000000733800000| Untracked 
| 331|0x0000000733a00000, 0x0000000733a00000, 0x0000000733c00000|  0%| F|  |TAMS 0x0000000733a00000, 0x0000000733a00000| Untracked 
| 332|0x0000000733c00000, 0x0000000733c00000, 0x0000000733e00000|  0%| F|  |TAMS 0x0000000733c00000, 0x0000000733c00000| Untracked 
| 333|0x0000000733e00000, 0x0000000733e00000, 0x0000000734000000|  0%| F|  |TAMS 0x0000000733e00000, 0x0000000733e00000| Untracked 
| 334|0x0000000734000000, 0x0000000734000000, 0x0000000734200000|  0%| F|  |TAMS 0x0000000734000000, 0x0000000734000000| Untracked 
| 335|0x0000000734200000, 0x0000000734200000, 0x0000000734400000|  0%| F|  |TAMS 0x0000000734200000, 0x0000000734200000| Untracked 
| 336|0x0000000734400000, 0x0000000734400000, 0x0000000734600000|  0%| F|  |TAMS 0x0000000734400000, 0x0000000734400000| Untracked 
| 337|0x0000000734600000, 0x0000000734600000, 0x0000000734800000|  0%| F|  |TAMS 0x0000000734600000, 0x0000000734600000| Untracked 
| 338|0x0000000734800000, 0x0000000734800000, 0x0000000734a00000|  0%| F|  |TAMS 0x0000000734800000, 0x0000000734800000| Untracked 
| 339|0x0000000734a00000, 0x0000000734a00000, 0x0000000734c00000|  0%| F|  |TAMS 0x0000000734a00000, 0x0000000734a00000| Untracked 
| 340|0x0000000734c00000, 0x0000000734c00000, 0x0000000734e00000|  0%| F|  |TAMS 0x0000000734c00000, 0x0000000734c00000| Untracked 
| 341|0x0000000734e00000, 0x0000000734e00000, 0x0000000735000000|  0%| F|  |TAMS 0x0000000734e00000, 0x0000000734e00000| Untracked 
| 342|0x0000000735000000, 0x0000000735000000, 0x0000000735200000|  0%| F|  |TAMS 0x0000000735000000, 0x0000000735000000| Untracked 
| 343|0x0000000735200000, 0x0000000735200000, 0x0000000735400000|  0%| F|  |TAMS 0x0000000735200000, 0x0000000735200000| Untracked 
| 344|0x0000000735400000, 0x0000000735400000, 0x0000000735600000|  0%| F|  |TAMS 0x0000000735400000, 0x0000000735400000| Untracked 
| 345|0x0000000735600000, 0x0000000735600000, 0x0000000735800000|  0%| F|  |TAMS 0x0000000735600000, 0x0000000735600000| Untracked 
| 346|0x0000000735800000, 0x0000000735800000, 0x0000000735a00000|  0%| F|  |TAMS 0x0000000735800000, 0x0000000735800000| Untracked 
| 347|0x0000000735a00000, 0x0000000735a00000, 0x0000000735c00000|  0%| F|  |TAMS 0x0000000735a00000, 0x0000000735a00000| Untracked 
| 348|0x0000000735c00000, 0x0000000735c00000, 0x0000000735e00000|  0%| F|  |TAMS 0x0000000735c00000, 0x0000000735c00000| Untracked 
| 349|0x0000000735e00000, 0x0000000735e00000, 0x0000000736000000|  0%| F|  |TAMS 0x0000000735e00000, 0x0000000735e00000| Untracked 
| 350|0x0000000736000000, 0x0000000736000000, 0x0000000736200000|  0%| F|  |TAMS 0x0000000736000000, 0x0000000736000000| Untracked 
| 351|0x0000000736200000, 0x0000000736200000, 0x0000000736400000|  0%| F|  |TAMS 0x0000000736200000, 0x0000000736200000| Untracked 
| 352|0x0000000736400000, 0x0000000736400000, 0x0000000736600000|  0%| F|  |TAMS 0x0000000736400000, 0x0000000736400000| Untracked 
| 353|0x0000000736600000, 0x0000000736600000, 0x0000000736800000|  0%| F|  |TAMS 0x0000000736600000, 0x0000000736600000| Untracked 
| 354|0x0000000736800000, 0x0000000736800000, 0x0000000736a00000|  0%| F|  |TAMS 0x0000000736800000, 0x0000000736800000| Untracked 
| 355|0x0000000736a00000, 0x0000000736a00000, 0x0000000736c00000|  0%| F|  |TAMS 0x0000000736a00000, 0x0000000736a00000| Untracked 
| 356|0x0000000736c00000, 0x0000000736c00000, 0x0000000736e00000|  0%| F|  |TAMS 0x0000000736c00000, 0x0000000736c00000| Untracked 
| 357|0x0000000736e00000, 0x0000000736e00000, 0x0000000737000000|  0%| F|  |TAMS 0x0000000736e00000, 0x0000000736e00000| Untracked 
| 358|0x0000000737000000, 0x0000000737000000, 0x0000000737200000|  0%| F|  |TAMS 0x0000000737000000, 0x0000000737000000| Untracked 
| 359|0x0000000737200000, 0x0000000737200000, 0x0000000737400000|  0%| F|  |TAMS 0x0000000737200000, 0x0000000737200000| Untracked 
| 360|0x0000000737400000, 0x0000000737400000, 0x0000000737600000|  0%| F|  |TAMS 0x0000000737400000, 0x0000000737400000| Untracked 
| 361|0x0000000737600000, 0x0000000737600000, 0x0000000737800000|  0%| F|  |TAMS 0x0000000737600000, 0x0000000737600000| Untracked 
| 362|0x0000000737800000, 0x0000000737800000, 0x0000000737a00000|  0%| F|  |TAMS 0x0000000737800000, 0x0000000737800000| Untracked 
| 363|0x0000000737a00000, 0x0000000737a00000, 0x0000000737c00000|  0%| F|  |TAMS 0x0000000737a00000, 0x0000000737a00000| Untracked 
| 364|0x0000000737c00000, 0x0000000737c00000, 0x0000000737e00000|  0%| F|  |TAMS 0x0000000737c00000, 0x0000000737c00000| Untracked 
| 365|0x0000000737e00000, 0x0000000737e00000, 0x0000000738000000|  0%| F|  |TAMS 0x0000000737e00000, 0x0000000737e00000| Untracked 
| 366|0x0000000738000000, 0x0000000738000000, 0x0000000738200000|  0%| F|  |TAMS 0x0000000738000000, 0x0000000738000000| Untracked 
| 367|0x0000000738200000, 0x0000000738200000, 0x0000000738400000|  0%| F|  |TAMS 0x0000000738200000, 0x0000000738200000| Untracked 
| 368|0x0000000738400000, 0x0000000738400000, 0x0000000738600000|  0%| F|  |TAMS 0x0000000738400000, 0x0000000738400000| Untracked 
| 369|0x0000000738600000, 0x0000000738600000, 0x0000000738800000|  0%| F|  |TAMS 0x0000000738600000, 0x0000000738600000| Untracked 
| 370|0x0000000738800000, 0x0000000738800000, 0x0000000738a00000|  0%| F|  |TAMS 0x0000000738800000, 0x0000000738800000| Untracked 
| 371|0x0000000738a00000, 0x0000000738a00000, 0x0000000738c00000|  0%| F|  |TAMS 0x0000000738a00000, 0x0000000738a00000| Untracked 
| 372|0x0000000738c00000, 0x0000000738c00000, 0x0000000738e00000|  0%| F|  |TAMS 0x0000000738c00000, 0x0000000738c00000| Untracked 
| 373|0x0000000738e00000, 0x0000000738e00000, 0x0000000739000000|  0%| F|  |TAMS 0x0000000738e00000, 0x0000000738e00000| Untracked 
| 374|0x0000000739000000, 0x0000000739000000, 0x0000000739200000|  0%| F|  |TAMS 0x0000000739000000, 0x0000000739000000| Untracked 
| 375|0x0000000739200000, 0x0000000739200000, 0x0000000739400000|  0%| F|  |TAMS 0x0000000739200000, 0x0000000739200000| Untracked 
| 376|0x0000000739400000, 0x0000000739400000, 0x0000000739600000|  0%| F|  |TAMS 0x0000000739400000, 0x0000000739400000| Untracked 
| 377|0x0000000739600000, 0x0000000739600000, 0x0000000739800000|  0%| F|  |TAMS 0x0000000739600000, 0x0000000739600000| Untracked 
| 378|0x0000000739800000, 0x0000000739800000, 0x0000000739a00000|  0%| F|  |TAMS 0x0000000739800000, 0x0000000739800000| Untracked 
| 379|0x0000000739a00000, 0x0000000739a00000, 0x0000000739c00000|  0%| F|  |TAMS 0x0000000739a00000, 0x0000000739a00000| Untracked 
| 380|0x0000000739c00000, 0x0000000739c00000, 0x0000000739e00000|  0%| F|  |TAMS 0x0000000739c00000, 0x0000000739c00000| Untracked 
| 381|0x0000000739e00000, 0x0000000739e00000, 0x000000073a000000|  0%| F|  |TAMS 0x0000000739e00000, 0x0000000739e00000| Untracked 
| 382|0x000000073a000000, 0x000000073a000000, 0x000000073a200000|  0%| F|  |TAMS 0x000000073a000000, 0x000000073a000000| Untracked 
| 383|0x000000073a200000, 0x000000073a200000, 0x000000073a400000|  0%| F|  |TAMS 0x000000073a200000, 0x000000073a200000| Untracked 
| 384|0x000000073a400000, 0x000000073a400000, 0x000000073a600000|  0%| F|  |TAMS 0x000000073a400000, 0x000000073a400000| Untracked 
| 385|0x000000073a600000, 0x000000073a600000, 0x000000073a800000|  0%| F|  |TAMS 0x000000073a600000, 0x000000073a600000| Untracked 
| 386|0x000000073a800000, 0x000000073a800000, 0x000000073aa00000|  0%| F|  |TAMS 0x000000073a800000, 0x000000073a800000| Untracked 
| 387|0x000000073aa00000, 0x000000073aa00000, 0x000000073ac00000|  0%| F|  |TAMS 0x000000073aa00000, 0x000000073aa00000| Untracked 
| 388|0x000000073ac00000, 0x000000073ac00000, 0x000000073ae00000|  0%| F|  |TAMS 0x000000073ac00000, 0x000000073ac00000| Untracked 
| 389|0x000000073ae00000, 0x000000073ae00000, 0x000000073b000000|  0%| F|  |TAMS 0x000000073ae00000, 0x000000073ae00000| Untracked 
| 390|0x000000073b000000, 0x000000073b000000, 0x000000073b200000|  0%| F|  |TAMS 0x000000073b000000, 0x000000073b000000| Untracked 
| 391|0x000000073b200000, 0x000000073b200000, 0x000000073b400000|  0%| F|  |TAMS 0x000000073b200000, 0x000000073b200000| Untracked 
| 392|0x000000073b400000, 0x000000073b400000, 0x000000073b600000|  0%| F|  |TAMS 0x000000073b400000, 0x000000073b400000| Untracked 
| 393|0x000000073b600000, 0x000000073b600000, 0x000000073b800000|  0%| F|  |TAMS 0x000000073b600000, 0x000000073b600000| Untracked 
| 394|0x000000073b800000, 0x000000073b800000, 0x000000073ba00000|  0%| F|  |TAMS 0x000000073b800000, 0x000000073b800000| Untracked 
| 395|0x000000073ba00000, 0x000000073ba00000, 0x000000073bc00000|  0%| F|  |TAMS 0x000000073ba00000, 0x000000073ba00000| Untracked 
| 396|0x000000073bc00000, 0x000000073bc00000, 0x000000073be00000|  0%| F|  |TAMS 0x000000073bc00000, 0x000000073bc00000| Untracked 
| 397|0x000000073be00000, 0x000000073be00000, 0x000000073c000000|  0%| F|  |TAMS 0x000000073be00000, 0x000000073be00000| Untracked 
| 398|0x000000073c000000, 0x000000073c000000, 0x000000073c200000|  0%| F|  |TAMS 0x000000073c000000, 0x000000073c000000| Untracked 
| 399|0x000000073c200000, 0x000000073c200000, 0x000000073c400000|  0%| F|  |TAMS 0x000000073c200000, 0x000000073c200000| Untracked 
| 400|0x000000073c400000, 0x000000073c400000, 0x000000073c600000|  0%| F|  |TAMS 0x000000073c400000, 0x000000073c400000| Untracked 
| 401|0x000000073c600000, 0x000000073c600000, 0x000000073c800000|  0%| F|  |TAMS 0x000000073c600000, 0x000000073c600000| Untracked 
| 402|0x000000073c800000, 0x000000073c800000, 0x000000073ca00000|  0%| F|  |TAMS 0x000000073c800000, 0x000000073c800000| Untracked 
| 403|0x000000073ca00000, 0x000000073ca00000, 0x000000073cc00000|  0%| F|  |TAMS 0x000000073ca00000, 0x000000073ca00000| Untracked 
| 404|0x000000073cc00000, 0x000000073cc00000, 0x000000073ce00000|  0%| F|  |TAMS 0x000000073cc00000, 0x000000073cc00000| Untracked 
| 405|0x000000073ce00000, 0x000000073ce00000, 0x000000073d000000|  0%| F|  |TAMS 0x000000073ce00000, 0x000000073ce00000| Untracked 
| 406|0x000000073d000000, 0x000000073d000000, 0x000000073d200000|  0%| F|  |TAMS 0x000000073d000000, 0x000000073d000000| Untracked 
| 407|0x000000073d200000, 0x000000073d200000, 0x000000073d400000|  0%| F|  |TAMS 0x000000073d200000, 0x000000073d200000| Untracked 
| 408|0x000000073d400000, 0x000000073d400000, 0x000000073d600000|  0%| F|  |TAMS 0x000000073d400000, 0x000000073d400000| Untracked 
| 409|0x000000073d600000, 0x000000073d600000, 0x000000073d800000|  0%| F|  |TAMS 0x000000073d600000, 0x000000073d600000| Untracked 
| 410|0x000000073d800000, 0x000000073d800000, 0x000000073da00000|  0%| F|  |TAMS 0x000000073d800000, 0x000000073d800000| Untracked 
| 411|0x000000073da00000, 0x000000073da00000, 0x000000073dc00000|  0%| F|  |TAMS 0x000000073da00000, 0x000000073da00000| Untracked 
| 412|0x000000073dc00000, 0x000000073dc00000, 0x000000073de00000|  0%| F|  |TAMS 0x000000073dc00000, 0x000000073dc00000| Untracked 
| 413|0x000000073de00000, 0x000000073de00000, 0x000000073e000000|  0%| F|  |TAMS 0x000000073de00000, 0x000000073de00000| Untracked 
| 414|0x000000073e000000, 0x000000073e000000, 0x000000073e200000|  0%| F|  |TAMS 0x000000073e000000, 0x000000073e000000| Untracked 
| 415|0x000000073e200000, 0x000000073e200000, 0x000000073e400000|  0%| F|  |TAMS 0x000000073e200000, 0x000000073e200000| Untracked 
| 416|0x000000073e400000, 0x000000073e400000, 0x000000073e600000|  0%| F|  |TAMS 0x000000073e400000, 0x000000073e400000| Untracked 
| 417|0x000000073e600000, 0x000000073e600000, 0x000000073e800000|  0%| F|  |TAMS 0x000000073e600000, 0x000000073e600000| Untracked 
| 418|0x000000073e800000, 0x000000073e800000, 0x000000073ea00000|  0%| F|  |TAMS 0x000000073e800000, 0x000000073e800000| Untracked 
| 419|0x000000073ea00000, 0x000000073ea00000, 0x000000073ec00000|  0%| F|  |TAMS 0x000000073ea00000, 0x000000073ea00000| Untracked 
| 420|0x000000073ec00000, 0x000000073ec00000, 0x000000073ee00000|  0%| F|  |TAMS 0x000000073ec00000, 0x000000073ec00000| Untracked 
| 421|0x000000073ee00000, 0x000000073ee00000, 0x000000073f000000|  0%| F|  |TAMS 0x000000073ee00000, 0x000000073ee00000| Untracked 
| 422|0x000000073f000000, 0x000000073f000000, 0x000000073f200000|  0%| F|  |TAMS 0x000000073f000000, 0x000000073f000000| Untracked 
| 423|0x000000073f200000, 0x000000073f200000, 0x000000073f400000|  0%| F|  |TAMS 0x000000073f200000, 0x000000073f200000| Untracked 
| 424|0x000000073f400000, 0x000000073f400000, 0x000000073f600000|  0%| F|  |TAMS 0x000000073f400000, 0x000000073f400000| Untracked 
| 425|0x000000073f600000, 0x000000073f600000, 0x000000073f800000|  0%| F|  |TAMS 0x000000073f600000, 0x000000073f600000| Untracked 
| 426|0x000000073f800000, 0x000000073f800000, 0x000000073fa00000|  0%| F|  |TAMS 0x000000073f800000, 0x000000073f800000| Untracked 
| 427|0x000000073fa00000, 0x000000073fa00000, 0x000000073fc00000|  0%| F|  |TAMS 0x000000073fa00000, 0x000000073fa00000| Untracked 
| 428|0x000000073fc00000, 0x000000073fc00000, 0x000000073fe00000|  0%| F|  |TAMS 0x000000073fc00000, 0x000000073fc00000| Untracked 
| 429|0x000000073fe00000, 0x000000073fe00000, 0x0000000740000000|  0%| F|  |TAMS 0x000000073fe00000, 0x000000073fe00000| Untracked 
| 430|0x0000000740000000, 0x0000000740000000, 0x0000000740200000|  0%| F|  |TAMS 0x0000000740000000, 0x0000000740000000| Untracked 
| 431|0x0000000740200000, 0x0000000740200000, 0x0000000740400000|  0%| F|  |TAMS 0x0000000740200000, 0x0000000740200000| Untracked 
| 432|0x0000000740400000, 0x0000000740400000, 0x0000000740600000|  0%| F|  |TAMS 0x0000000740400000, 0x0000000740400000| Untracked 
| 433|0x0000000740600000, 0x0000000740600000, 0x0000000740800000|  0%| F|  |TAMS 0x0000000740600000, 0x0000000740600000| Untracked 

Card table byte_map: [0x0000013f6a4d0000,0x0000013f6ac80000] _byte_map_base: 0x0000013f66c7e000

Marking Bits (Prev, Next): (CMBitMap*) 0x0000013f57364490, (CMBitMap*) 0x0000013f573644d0
 Prev Bits: [0x0000013f6b430000, 0x0000013f6f1a0000)
 Next Bits: [0x0000013f6f1a0000, 0x0000013f72f10000)

Polling page: 0x0000013f56ac0000

Metaspace:

Usage:
  Non-class:     88.00 MB used.
      Class:     10.34 MB used.
       Both:     98.34 MB used.

Virtual space:
  Non-class space:       96.00 MB reserved,      88.19 MB ( 92%) committed,  12 nodes.
      Class space:        1.00 GB reserved,      10.50 MB (  1%) committed,  1 nodes.
             Both:        1.09 GB reserved,      98.69 MB (  9%) committed. 

Chunk freelists:
   Non-Class:  3.70 MB
       Class:  1.55 MB
        Both:  5.25 MB

MaxMetaspaceSize: unlimited
CompressedClassSpaceSize: 1.00 GB
Initial GC threshold: 21.00 MB
Current GC threshold: 164.38 MB
CDS: off
MetaspaceReclaimPolicy: balanced
 - commit_granule_bytes: 65536.
 - commit_granule_words: 8192.
 - virtual_space_node_default_size: 1048576.
 - enlarge_chunks_in_place: 1.
 - new_chunks_are_fully_committed: 0.
 - uncommit_free_chunks: 1.
 - use_allocation_guard: 0.
 - handle_deallocations: 1.


Internal statistics:

num_allocs_failed_limit: 12.
num_arena_births: 394.
num_arena_deaths: 0.
num_vsnodes_births: 13.
num_vsnodes_deaths: 0.
num_space_committed: 1577.
num_space_uncommitted: 0.
num_chunks_returned_to_freelist: 12.
num_chunks_taken_from_freelist: 3805.
num_chunk_merges: 12.
num_chunk_splits: 2993.
num_chunks_enlarged: 2576.
num_purges: 0.
num_inconsistent_stats: 0.

CodeHeap 'non-profiled nmethods': size=120000Kb used=21589Kb max_used=21589Kb free=98410Kb
 bounds [0x0000013f62290000, 0x0000013f637b0000, 0x0000013f697c0000]
CodeHeap 'profiled nmethods': size=120000Kb used=58870Kb max_used=58870Kb free=61129Kb
 bounds [0x0000013f5a7c0000, 0x0000013f5e150000, 0x0000013f61cf0000]
CodeHeap 'non-nmethods': size=5760Kb used=1422Kb max_used=1470Kb free=4337Kb
 bounds [0x0000013f61cf0000, 0x0000013f61f60000, 0x0000013f62290000]
 total_blobs=23288 nmethods=22569 adapters=624
 compilation: enabled
              stopped_count=0, restarted_count=0
 full_count=0

Compilation events (20 events):
Event: 33.799 Thread 0x0000013f7644a650 31609       2       org.jetbrains.kotlin.ir.descriptors.IrBasedSimpleFunctionDescriptor::getOverriddenDescriptors (115 bytes)
Event: 33.799 Thread 0x0000013f7644a650 nmethod 31609 0x0000013f5e144590 code [0x0000013f5e144820, 0x0000013f5e145048]
Event: 33.803 Thread 0x0000013f7ae49d80 nmethod 31553 0x0000013f6379e990 code [0x0000013f6379eb80, 0x0000013f6379fe18]
Event: 33.803 Thread 0x0000013f7ae49d80 31607       4       org.jetbrains.kotlin.codegen.optimization.RedundantNopsCleanupMethodTransformer::recordNopsRequiredForDebugger (312 bytes)
Event: 33.807 Thread 0x0000013f76449bb0 nmethod 31552 0x0000013f637a0610 code [0x0000013f637a0840, 0x0000013f637a2210]
Event: 33.807 Thread 0x0000013f76449bb0 31591       4       gnu.trove.TObjectHash::insertionIndex (273 bytes)
Event: 33.808 Thread 0x0000013f7644a650 31611       2       org.jetbrains.kotlin.ir.descriptors.IrBasedClassDescriptor::getVisibility (11 bytes)
Event: 33.808 Thread 0x0000013f7644a650 nmethod 31611 0x0000013f5e145590 code [0x0000013f5e145740, 0x0000013f5e1458a8]
Event: 33.812 Thread 0x0000013f76449bb0 nmethod 31591 0x0000013f637a3110 code [0x0000013f637a32e0, 0x0000013f637a39b8]
Event: 33.812 Thread 0x0000013f76449bb0 31600       4       org.jetbrains.kotlin.codegen.coroutines.CoroutineTransformerMethodVisitorKt::updateLvtAccordingToLiveness$isAlive (15 bytes)
Event: 33.814 Thread 0x0000013f76449bb0 nmethod 31600 0x0000013f637a3d90 code [0x0000013f637a3f20, 0x0000013f637a40f8]
Event: 33.814 Thread 0x0000013f76449bb0 31563       4       org.jetbrains.kotlin.codegen.inline.InlineAdapter::visitLineNumber (28 bytes)
Event: 33.814 Thread 0x0000013f76449bb0 nmethod 31563 0x0000013f637a4390 code [0x0000013f637a4520, 0x0000013f637a4648]
Event: 33.814 Thread 0x0000013f76449bb0 31590       4       org.jetbrains.kotlin.codegen.optimization.common.UtilKt::isOptimizationMarker (8 bytes)
Event: 33.816 Thread 0x0000013f76449bb0 nmethod 31590 0x0000013f637a4790 code [0x0000013f637a4940, 0x0000013f637a4bb8]
Event: 33.816 Thread 0x0000013f76449bb0 31571       4       org.jetbrains.kotlin.codegen.optimization.common.InsnSequence::iterator (12 bytes)
Event: 33.817 Thread 0x0000013f76449bb0 nmethod 31571 0x0000013f637a4d90 code [0x0000013f637a4f20, 0x0000013f637a5018]
Event: 33.817 Thread 0x0000013f76449bb0 31326       4       org.jetbrains.kotlin.codegen.inline.ReifiedTypeInliner$Companion::isOperationReifiedMarker (18 bytes)
Event: 33.818 Thread 0x0000013f76449bb0 nmethod 31326 0x0000013f637a5110 code [0x0000013f637a52a0, 0x0000013f637a55b8]
Event: 33.818 Thread 0x0000013f76449bb0 31612       4       org.jetbrains.kotlin.codegen.optimization.fixStack.FixStackMethodTransformer::transformSaveRestoreStackMarkers (180 bytes)

GC Heap History (20 events):
Event: 31.082 GC heap after
{Heap after GC invocations=58 (full 0):
 garbage-first heap   total 567296K, used 449928K [0x000000070a400000, 0x0000000800000000)
  region size 2048K, 4 young (8192K), 4 survivors (8192K)
 Metaspace       used 99981K, committed 100288K, reserved 1138688K
  class space    used 10571K, committed 10688K, reserved 1048576K
}
Event: 31.294 GC heap before
{Heap before GC invocations=58 (full 0):
 garbage-first heap   total 567296K, used 494984K [0x000000070a400000, 0x0000000800000000)
  region size 2048K, 26 young (53248K), 4 survivors (8192K)
 Metaspace       used 100145K, committed 100416K, reserved 1138688K
  class space    used 10573K, committed 10688K, reserved 1048576K
}
Event: 31.297 GC heap after
{Heap after GC invocations=59 (full 0):
 garbage-first heap   total 567296K, used 451845K [0x000000070a400000, 0x0000000800000000)
  region size 2048K, 2 young (4096K), 2 survivors (4096K)
 Metaspace       used 100145K, committed 100416K, reserved 1138688K
  class space    used 10573K, committed 10688K, reserved 1048576K
}
Event: 31.353 GC heap before
{Heap before GC invocations=59 (full 0):
 garbage-first heap   total 567296K, used 496901K [0x000000070a400000, 0x0000000800000000)
  region size 2048K, 24 young (49152K), 2 survivors (4096K)
 Metaspace       used 100149K, committed 100416K, reserved 1138688K
  class space    used 10573K, committed 10688K, reserved 1048576K
}
Event: 31.356 GC heap after
{Heap after GC invocations=60 (full 0):
 garbage-first heap   total 567296K, used 454997K [0x000000070a400000, 0x0000000800000000)
  region size 2048K, 3 young (6144K), 3 survivors (6144K)
 Metaspace       used 100149K, committed 100416K, reserved 1138688K
  class space    used 10573K, committed 10688K, reserved 1048576K
}
Event: 31.415 GC heap before
{Heap before GC invocations=60 (full 0):
 garbage-first heap   total 567296K, used 495957K [0x000000070a400000, 0x0000000800000000)
  region size 2048K, 23 young (47104K), 3 survivors (6144K)
 Metaspace       used 100160K, committed 100416K, reserved 1138688K
  class space    used 10573K, committed 10688K, reserved 1048576K
}
Event: 31.422 GC heap after
{Heap after GC invocations=61 (full 0):
 garbage-first heap   total 731136K, used 459420K [0x000000070a400000, 0x0000000800000000)
  region size 2048K, 3 young (6144K), 3 survivors (6144K)
 Metaspace       used 100160K, committed 100416K, reserved 1138688K
  class space    used 10573K, committed 10688K, reserved 1048576K
}
Event: 31.935 GC heap before
{Heap before GC invocations=61 (full 0):
 garbage-first heap   total 731136K, used 623260K [0x000000070a400000, 0x0000000800000000)
  region size 2048K, 83 young (169984K), 3 survivors (6144K)
 Metaspace       used 100372K, committed 100672K, reserved 1138688K
  class space    used 10578K, committed 10752K, reserved 1048576K
}
Event: 31.939 GC heap after
{Heap after GC invocations=62 (full 0):
 garbage-first heap   total 731136K, used 463547K [0x000000070a400000, 0x0000000800000000)
  region size 2048K, 5 young (10240K), 5 survivors (10240K)
 Metaspace       used 100372K, committed 100672K, reserved 1138688K
  class space    used 10578K, committed 10752K, reserved 1048576K
}
Event: 32.257 GC heap before
{Heap before GC invocations=62 (full 0):
 garbage-first heap   total 731136K, used 625339K [0x000000070a400000, 0x0000000800000000)
  region size 2048K, 84 young (172032K), 5 survivors (10240K)
 Metaspace       used 100429K, committed 100736K, reserved 1146880K
  class space    used 10578K, committed 10752K, reserved 1048576K
}
Event: 32.260 GC heap after
{Heap after GC invocations=63 (full 0):
 garbage-first heap   total 731136K, used 466633K [0x000000070a400000, 0x0000000800000000)
  region size 2048K, 6 young (12288K), 6 survivors (12288K)
 Metaspace       used 100429K, committed 100736K, reserved 1146880K
  class space    used 10578K, committed 10752K, reserved 1048576K
}
Event: 32.534 GC heap before
{Heap before GC invocations=63 (full 0):
 garbage-first heap   total 731136K, used 628425K [0x000000070a400000, 0x0000000800000000)
  region size 2048K, 85 young (174080K), 6 survivors (12288K)
 Metaspace       used 100519K, committed 100928K, reserved 1146880K
  class space    used 10584K, committed 10752K, reserved 1048576K
}
Event: 32.544 GC heap after
{Heap after GC invocations=64 (full 0):
 garbage-first heap   total 731136K, used 476087K [0x000000070a400000, 0x0000000800000000)
  region size 2048K, 11 young (22528K), 11 survivors (22528K)
 Metaspace       used 100519K, committed 100928K, reserved 1146880K
  class space    used 10584K, committed 10752K, reserved 1048576K
}
Event: 32.758 GC heap before
{Heap before GC invocations=64 (full 0):
 garbage-first heap   total 731136K, used 576439K [0x000000070a400000, 0x0000000800000000)
  region size 2048K, 61 young (124928K), 11 survivors (22528K)
 Metaspace       used 100582K, committed 100928K, reserved 1146880K
  class space    used 10584K, committed 10752K, reserved 1048576K
}
Event: 32.767 GC heap after
{Heap after GC invocations=65 (full 0):
 garbage-first heap   total 731136K, used 480759K [0x000000070a400000, 0x0000000800000000)
  region size 2048K, 8 young (16384K), 8 survivors (16384K)
 Metaspace       used 100582K, committed 100928K, reserved 1146880K
  class space    used 10584K, committed 10752K, reserved 1048576K
}
Event: 33.263 GC heap before
{Heap before GC invocations=66 (full 0):
 garbage-first heap   total 888832K, used 613879K [0x000000070a400000, 0x0000000800000000)
  region size 2048K, 81 young (165888K), 8 survivors (16384K)
 Metaspace       used 100608K, committed 100992K, reserved 1146880K
  class space    used 10586K, committed 10752K, reserved 1048576K
}
Event: 33.272 GC heap after
{Heap after GC invocations=67 (full 0):
 garbage-first heap   total 888832K, used 471977K [0x000000070a400000, 0x0000000800000000)
  region size 2048K, 7 young (14336K), 7 survivors (14336K)
 Metaspace       used 100608K, committed 100992K, reserved 1146880K
  class space    used 10586K, committed 10752K, reserved 1048576K
}
Event: 33.310 GC heap before
{Heap before GC invocations=67 (full 0):
 garbage-first heap   total 888832K, used 500649K [0x000000070a400000, 0x0000000800000000)
  region size 2048K, 21 young (43008K), 7 survivors (14336K)
 Metaspace       used 100626K, committed 100992K, reserved 1146880K
  class space    used 10586K, committed 10752K, reserved 1048576K
}
Event: 33.319 GC heap after
{Heap after GC invocations=68 (full 0):
 garbage-first heap   total 888832K, used 414242K [0x000000070a400000, 0x0000000800000000)
  region size 2048K, 2 young (4096K), 2 survivors (4096K)
 Metaspace       used 100626K, committed 100992K, reserved 1146880K
  class space    used 10586K, committed 10752K, reserved 1048576K
}
Event: 33.819 GC heap before
{Heap before GC invocations=68 (full 0):
 garbage-first heap   total 888832K, used 748066K [0x000000070a400000, 0x0000000800000000)
  region size 2048K, 165 young (337920K), 2 survivors (4096K)
 Metaspace       used 100700K, committed 101056K, reserved 1146880K
  class space    used 10589K, committed 10752K, reserved 1048576K
}

Dll operation events (2 events):
Event: 0.006 Loaded shared library E:\Program_Files\Android Studio\jbr\bin\java.dll
Event: 0.768 Loaded shared library E:\Program_Files\Android Studio\jbr\bin\verify.dll

Deoptimization events (20 events):
Event: 33.742 Thread 0x0000013f550fa780 DEOPT PACKING pc=0x0000013f5e13176d sp=0x00000016f54fa6c0
Event: 33.742 Thread 0x0000013f550fa780 DEOPT UNPACKING pc=0x0000013f61d47143 sp=0x00000016f54f9be8 mode 0
Event: 33.749 Thread 0x0000013f550fa780 DEOPT PACKING pc=0x0000013f5e13176d sp=0x00000016f54fb930
Event: 33.749 Thread 0x0000013f550fa780 DEOPT UNPACKING pc=0x0000013f61d47143 sp=0x00000016f54fae58 mode 0
Event: 33.751 Thread 0x0000013f550fa780 DEOPT PACKING pc=0x0000013f5d6dd8c5 sp=0x00000016f54fbbd0
Event: 33.751 Thread 0x0000013f550fa780 DEOPT UNPACKING pc=0x0000013f61d47143 sp=0x00000016f54fb120 mode 0
Event: 33.779 Thread 0x0000013f550fa780 DEOPT PACKING pc=0x0000013f5ddde6ce sp=0x00000016f54fd8e0
Event: 33.779 Thread 0x0000013f550fa780 DEOPT UNPACKING pc=0x0000013f61d47143 sp=0x00000016f54fce30 mode 0
Event: 33.787 Thread 0x0000013f550fa780 Uncommon trap: trap_request=0xffffff6e fr.pc=0x0000013f637981f8 relative=0x0000000000001878
Event: 33.787 Thread 0x0000013f550fa780 Uncommon trap: reason=loop_limit_check action=maybe_recompile pc=0x0000013f637981f8 method=org.jetbrains.kotlin.codegen.optimization.RedundantNopsCleanupMethodTransformer.recordNopsRequiredForDebugger(Lorg/jetbrains/org/objectweb/asm/tree/MethodNode;Ljava
Event: 33.787 Thread 0x0000013f550fa780 DEOPT PACKING pc=0x0000013f637981f8 sp=0x00000016f54fb110
Event: 33.787 Thread 0x0000013f550fa780 DEOPT UNPACKING pc=0x0000013f61d469a3 sp=0x00000016f54fb090 mode 2
Event: 33.795 Thread 0x0000013f550fa780 DEOPT PACKING pc=0x0000013f5ddd0514 sp=0x00000016f54f95d0
Event: 33.795 Thread 0x0000013f550fa780 DEOPT UNPACKING pc=0x0000013f61d47143 sp=0x00000016f54f8ad0 mode 0
Event: 33.801 Thread 0x0000013f550fa780 Uncommon trap: trap_request=0xffffff6e fr.pc=0x0000013f6377abc0 relative=0x0000000000001200
Event: 33.801 Thread 0x0000013f550fa780 Uncommon trap: reason=loop_limit_check action=maybe_recompile pc=0x0000013f6377abc0 method=org.jetbrains.kotlin.codegen.optimization.RedundantNopsCleanupMethodTransformer.recordNopsRequiredForDebugger(Lorg/jetbrains/org/objectweb/asm/tree/MethodNode;Ljava
Event: 33.801 Thread 0x0000013f550fa780 DEOPT PACKING pc=0x0000013f6377abc0 sp=0x00000016f54f31d0
Event: 33.801 Thread 0x0000013f550fa780 DEOPT UNPACKING pc=0x0000013f61d469a3 sp=0x00000016f54f3160 mode 2
Event: 33.818 Thread 0x0000013f550fa780 DEOPT PACKING pc=0x0000013f5d3529b6 sp=0x00000016f54f7110
Event: 33.818 Thread 0x0000013f550fa780 DEOPT UNPACKING pc=0x0000013f61d47143 sp=0x00000016f54f6698 mode 0

Classes unloaded (0 events):
No events

Classes redefined (0 events):
No events

Internal exceptions (20 events):
Event: 20.273 Thread 0x0000013f550fa780 Exception <a 'java/lang/NoSuchMethodError'{0x000000071cd46180}: 'java.lang.Object java.lang.invoke.DirectMethodHandle$Holder.invokeStaticInit(java.lang.Object, java.lang.Object, java.lang.Object, java.lang.Object)'> (0x000000071cd46180) 
thrown [s\src\hotspot\share\interpreter\linkResolver.cpp, line 771]
Event: 20.479 Thread 0x0000013f550fa780 Exception <a 'java/lang/NoSuchMethodError'{0x000000071bed7320}: 'int java.lang.invoke.DirectMethodHandle$Holder.invokeStaticInit(java.lang.Object, java.lang.Object, java.lang.Object, java.lang.Object)'> (0x000000071bed7320) 
thrown [s\src\hotspot\share\interpreter\linkResolver.cpp, line 771]
Event: 21.639 Thread 0x0000013f550fa780 Implicit null exception at 0x0000013f62fc37a6 to 0x0000013f62fc4f04
Event: 21.844 Thread 0x0000013f550fa780 Implicit null exception at 0x0000013f62ff06d0 to 0x0000013f62ff1ae4
Event: 21.965 Thread 0x0000013f550fa780 Implicit null exception at 0x0000013f63019dc6 to 0x0000013f6301b600
Event: 22.383 Thread 0x0000013f550fa780 Implicit null exception at 0x0000013f630724b7 to 0x0000013f63072744
Event: 22.910 Thread 0x0000013f550fa780 Implicit null exception at 0x0000013f63093988 to 0x0000013f63093a55
Event: 22.912 Thread 0x0000013f550fa780 Implicit null exception at 0x0000013f63093488 to 0x0000013f63093555
Event: 22.933 Thread 0x0000013f550fa780 Implicit null exception at 0x0000013f62a997e1 to 0x0000013f62a9a0e0
Event: 24.328 Thread 0x0000013f550fa780 Implicit null exception at 0x0000013f62a9b17c to 0x0000013f62a9b3ce
Event: 25.495 Thread 0x0000013f550fa780 Implicit null exception at 0x0000013f630af5b5 to 0x0000013f630af7b2
Event: 25.569 Thread 0x0000013f550fa780 Implicit null exception at 0x0000013f6323ed3d to 0x0000013f6323f134
Event: 27.449 Thread 0x0000013f550fa780 Implicit null exception at 0x0000013f6331d658 to 0x0000013f633206d4
Event: 28.031 Thread 0x0000013f550fa780 Implicit null exception at 0x0000013f632220cf to 0x0000013f632240c4
Event: 28.270 Thread 0x0000013f550fa780 Implicit null exception at 0x0000013f63381bd0 to 0x0000013f633855ac
Event: 29.538 Thread 0x0000013f550fa780 Implicit null exception at 0x0000013f634b41d8 to 0x0000013f634b5edc
Event: 29.664 Thread 0x0000013f550fa780 Implicit null exception at 0x0000013f63339a22 to 0x0000013f6333d5d0
Event: 31.048 Thread 0x0000013f550fa780 Implicit null exception at 0x0000013f6360aca0 to 0x0000013f636123bc
Event: 31.630 Thread 0x0000013f550fa780 Implicit null exception at 0x0000013f625c3e31 to 0x0000013f625c4220
Event: 31.630 Thread 0x0000013f550fa780 Implicit null exception at 0x0000013f625c486b to 0x0000013f625c4a48

VM Operations (20 events):
Event: 32.437 Executing VM operation: ICBufferFull done
Event: 32.534 Executing VM operation: G1CollectForAllocation
Event: 32.544 Executing VM operation: G1CollectForAllocation done
Event: 32.758 Executing VM operation: CollectForMetadataAllocation
Event: 32.768 Executing VM operation: CollectForMetadataAllocation done
Event: 32.988 Executing VM operation: G1Concurrent
Event: 33.005 Executing VM operation: G1Concurrent done
Event: 33.093 Executing VM operation: G1Concurrent
Event: 33.094 Executing VM operation: G1Concurrent done
Event: 33.263 Executing VM operation: G1CollectForAllocation
Event: 33.272 Executing VM operation: G1CollectForAllocation done
Event: 33.310 Executing VM operation: G1CollectForAllocation
Event: 33.319 Executing VM operation: G1CollectForAllocation done
Event: 33.360 Executing VM operation: HandshakeAllThreads
Event: 33.360 Executing VM operation: HandshakeAllThreads done
Event: 33.437 Executing VM operation: HandshakeAllThreads
Event: 33.437 Executing VM operation: HandshakeAllThreads done
Event: 33.724 Executing VM operation: ICBufferFull
Event: 33.724 Executing VM operation: ICBufferFull done
Event: 33.818 Executing VM operation: G1CollectForAllocation

Events (20 events):
Event: 33.395 Thread 0x0000013f764ba530 flushing nmethod 0x0000013f5d4b0c10
Event: 33.395 Thread 0x0000013f764ba530 flushing nmethod 0x0000013f5d4b2790
Event: 33.395 Thread 0x0000013f764ba530 flushing nmethod 0x0000013f5d4ee290
Event: 33.395 Thread 0x0000013f764ba530 flushing nmethod 0x0000013f5d4eef10
Event: 33.396 Thread 0x0000013f764ba530 flushing nmethod 0x0000013f5d5ab290
Event: 33.396 Thread 0x0000013f764ba530 flushing nmethod 0x0000013f5d5b6e90
Event: 33.396 Thread 0x0000013f764ba530 flushing nmethod 0x0000013f5d600d10
Event: 33.396 Thread 0x0000013f764ba530 flushing nmethod 0x0000013f5d64c290
Event: 33.397 Thread 0x0000013f764ba530 flushing nmethod 0x0000013f5d7e8b10
Event: 33.398 Thread 0x0000013f764ba530 flushing nmethod 0x0000013f5d926210
Event: 33.398 Thread 0x0000013f764ba530 flushing nmethod 0x0000013f5d959110
Event: 33.400 Thread 0x0000013f764ba530 flushing nmethod 0x0000013f5dbb7710
Event: 33.400 Thread 0x0000013f764ba530 flushing nmethod 0x0000013f5dc5e110
Event: 33.400 Thread 0x0000013f764ba530 flushing nmethod 0x0000013f5dcbc390
Event: 33.400 Thread 0x0000013f764ba530 flushing nmethod 0x0000013f5dcca090
Event: 33.401 Thread 0x0000013f764ba530 flushing nmethod 0x0000013f5dd4c290
Event: 33.401 Thread 0x0000013f764ba530 flushing nmethod 0x0000013f5dd50790
Event: 33.404 Thread 0x0000013f764ba530 flushing nmethod 0x0000013f5df98d90
Event: 33.404 Thread 0x0000013f764ba530 flushing nmethod 0x0000013f5dffab90
Event: 33.404 Thread 0x0000013f764ba530 flushing nmethod 0x0000013f5e067410


Dynamic libraries:
0x00007ff63f290000 - 0x00007ff63f29a000 	E:\Program_Files\Android Studio\jbr\bin\java.exe
0x00007ff8dbd70000 - 0x00007ff8dbf84000 	C:\WINDOWS\SYSTEM32\ntdll.dll
0x00007ff8da6e0000 - 0x00007ff8da7a4000 	C:\WINDOWS\System32\KERNEL32.DLL
0x00007ff8d96b0000 - 0x00007ff8d9a54000 	C:\WINDOWS\System32\KERNELBASE.dll
0x00007ff8d92b0000 - 0x00007ff8d93c1000 	C:\WINDOWS\System32\ucrtbase.dll
0x00007ff8cd810000 - 0x00007ff8cd827000 	E:\Program_Files\Android Studio\jbr\bin\jli.dll
0x00007ff8cdf10000 - 0x00007ff8cdf2b000 	E:\Program_Files\Android Studio\jbr\bin\VCRUNTIME140.dll
0x00007ff8da9f0000 - 0x00007ff8dab9e000 	C:\WINDOWS\System32\USER32.dll
0x00007ff8c5970000 - 0x00007ff8c5c03000 	C:\WINDOWS\WinSxS\amd64_microsoft.windows.common-controls_6595b64144ccf1df_6.0.22621.2215_none_270d72677387dfc3\COMCTL32.dll
0x00007ff8d9600000 - 0x00007ff8d9626000 	C:\WINDOWS\System32\win32u.dll
0x00007ff8d9c00000 - 0x00007ff8d9ca7000 	C:\WINDOWS\System32\msvcrt.dll
0x00007ff8db0e0000 - 0x00007ff8db109000 	C:\WINDOWS\System32\GDI32.dll
0x00007ff8d9120000 - 0x00007ff8d9238000 	C:\WINDOWS\System32\gdi32full.dll
0x00007ff8d9a60000 - 0x00007ff8d9afa000 	C:\WINDOWS\System32\msvcp_win.dll
0x00007ff8dbbc0000 - 0x00007ff8dbbf1000 	C:\WINDOWS\System32\IMM32.DLL
0x00007ff8ce0f0000 - 0x00007ff8ce0fc000 	E:\Program_Files\Android Studio\jbr\bin\vcruntime140_1.dll
0x00007ff8b4f90000 - 0x00007ff8b501d000 	E:\Program_Files\Android Studio\jbr\bin\msvcp140.dll
0x00007ff85f410000 - 0x00007ff86007d000 	E:\Program_Files\Android Studio\jbr\bin\server\jvm.dll
0x00007ff8daba0000 - 0x00007ff8dac50000 	C:\WINDOWS\System32\ADVAPI32.dll
0x00007ff8d9cb0000 - 0x00007ff8d9d56000 	C:\WINDOWS\System32\sechost.dll
0x00007ff8dbc10000 - 0x00007ff8dbd27000 	C:\WINDOWS\System32\RPCRT4.dll
0x00007ff8d58c0000 - 0x00007ff8d58c9000 	C:\WINDOWS\SYSTEM32\WSOCK32.dll
0x00007ff8d0e90000 - 0x00007ff8d0ec4000 	C:\WINDOWS\SYSTEM32\WINMM.dll
0x00007ff8da970000 - 0x00007ff8da9e1000 	C:\WINDOWS\System32\WS2_32.dll
0x00007ff8cfe80000 - 0x00007ff8cfe8a000 	C:\WINDOWS\SYSTEM32\VERSION.dll
0x00007ff8d81d0000 - 0x00007ff8d81e8000 	C:\WINDOWS\SYSTEM32\kernel.appcore.dll
0x00007ff8d4680000 - 0x00007ff8d468a000 	E:\Program_Files\Android Studio\jbr\bin\jimage.dll
0x00007ff8ce530000 - 0x00007ff8ce75e000 	C:\WINDOWS\SYSTEM32\DBGHELP.DLL
0x00007ff8db110000 - 0x00007ff8db49a000 	C:\WINDOWS\System32\combase.dll
0x00007ff8da590000 - 0x00007ff8da667000 	C:\WINDOWS\System32\OLEAUT32.dll
0x00007ff8ce470000 - 0x00007ff8ce4a2000 	C:\WINDOWS\SYSTEM32\dbgcore.DLL
0x00007ff8d9630000 - 0x00007ff8d96aa000 	C:\WINDOWS\System32\bcryptPrimitives.dll
0x00007ff8d45c0000 - 0x00007ff8d45e5000 	E:\Program_Files\Android Studio\jbr\bin\java.dll
0x00007ff8d1250000 - 0x00007ff8d1268000 	E:\Program_Files\Android Studio\jbr\bin\zip.dll
0x00007ff8d9d60000 - 0x00007ff8da583000 	C:\WINDOWS\System32\SHELL32.dll
0x00007ff8d7070000 - 0x00007ff8d795a000 	C:\WINDOWS\SYSTEM32\windows.storage.dll
0x00007ff8d6f30000 - 0x00007ff8d706e000 	C:\WINDOWS\SYSTEM32\wintypes.dll
0x00007ff8d9b00000 - 0x00007ff8d9bf3000 	C:\WINDOWS\System32\SHCORE.dll
0x00007ff8da7b0000 - 0x00007ff8da80e000 	C:\WINDOWS\System32\shlwapi.dll
0x00007ff8d9050000 - 0x00007ff8d9076000 	C:\WINDOWS\SYSTEM32\profapi.dll
0x00007ff8d1230000 - 0x00007ff8d1249000 	E:\Program_Files\Android Studio\jbr\bin\net.dll
0x00007ff8d36b0000 - 0x00007ff8d37e7000 	C:\WINDOWS\SYSTEM32\WINHTTP.dll
0x00007ff8d8690000 - 0x00007ff8d86f9000 	C:\WINDOWS\system32\mswsock.dll
0x00007ff8d1190000 - 0x00007ff8d11a6000 	E:\Program_Files\Android Studio\jbr\bin\nio.dll
0x00007ff8d11e0000 - 0x00007ff8d11f0000 	E:\Program_Files\Android Studio\jbr\bin\verify.dll

dbghelp: loaded successfully - version: 4.0.5 - missing functions: none
symbol engine: initialized successfully - sym options: 0x614 - pdb path: .;E:\Program_Files\Android Studio\jbr\bin;C:\WINDOWS\SYSTEM32;C:\WINDOWS\WinSxS\amd64_microsoft.windows.common-controls_6595b64144ccf1df_6.0.22621.2215_none_270d72677387dfc3;E:\Program_Files\Android Studio\jbr\bin\server

VM Arguments:
java_command: org.jetbrains.kotlin.cli.jvm.K2JVMCompiler @E:\IITG\fun_stuff\Alcheringa\Alcheringa2022\app\build\20230927_9793609722435024452.compiler.options
java_class_path (initial): C:\Users\shant\.gradle\caches\modules-2\files-2.1\org.jetbrains.kotlin\kotlin-compiler-embeddable\1.6.10\88f2073f4020cdb83132cfe940ceb9a60aba54ea\kotlin-compiler-embeddable-1.6.10.jar;C:\Users\shant\.gradle\caches\modules-2\files-2.1\org.jetbrains.kotlin\kotlin-reflect\1.6.10\1cbe9c92c12a94eea200d23c2bbaedaf3daf5132\kotlin-reflect-1.6.10.jar;C:\Users\shant\.gradle\caches\modules-2\files-2.1\org.jetbrains.kotlin\kotlin-stdlib\1.6.10\b8af3fe6f1ca88526914929add63cf5e7c5049af\kotlin-stdlib-1.6.10.jar;C:\Users\shant\.gradle\caches\modules-2\files-2.1\org.jetbrains.kotlin\kotlin-script-runtime\1.6.10\d0a7ff2e2500ef497ed0214ae40ad3c8387a6164\kotlin-script-runtime-1.6.10.jar;C:\Users\shant\.gradle\caches\modules-2\files-2.1\org.jetbrains.kotlin\kotlin-daemon-embeddable\1.6.10\a56d79bcbea411fa6058e4ecffc2de73e742bd2a\kotlin-daemon-embeddable-1.6.10.jar;C:\Users\shant\.gradle\caches\modules-2\files-2.1\org.jetbrains.intellij.deps\trove4j\1.0.20181211\216c2e14b070f334479d800987affe4054cd563f\trove4j-1.0.20181211.jar;C:\Users\shant\.gradle\caches\modules-2\files-2.1\net.java.dev.jna\jna\5.6.0\330f2244e9030119ab3030fc3fededc86713d9cc\jna-5.6.0.jar;C:\Users\shant\.gradle\caches\modules-2\files-2.1\org.jetbrains\annotations\13.0\919f0dfe192fb4e063e7dacadee7f8bb9a2672a9\annotations-13.0.jar;C:\Users\shant\.gradle\caches\modules-2\files-2.1\org.jetbrains.kotlin\kotlin-stdlib-common\1.6.10\c118700e3a33c8a0d9adc920e9dec0831171925\kotlin-stdlib-common-1.6.10.jar
Launcher Type: SUN_STANDARD

[Global flags]
     intx CICompilerCount                          = 4                                         {product} {ergonomic}
     uint ConcGCThreads                            = 3                                         {product} {ergonomic}
     uint G1ConcRefinementThreads                  = 10                                        {product} {ergonomic}
   size_t G1HeapRegionSize                         = 2097152                                   {product} {ergonomic}
    uintx GCDrainStackTargetSize                   = 64                                        {product} {ergonomic}
   size_t InitialHeapSize                          = 257949696                                 {product} {ergonomic}
   size_t MarkStackSize                            = 4194304                                   {product} {ergonomic}
   size_t MaxHeapSize                              = 4123000832                                {product} {ergonomic}
   size_t MaxNewSize                               = 2472542208                                {product} {ergonomic}
   size_t MinHeapDeltaBytes                        = 2097152                                   {product} {ergonomic}
   size_t MinHeapSize                              = 8388608                                   {product} {ergonomic}
    uintx NonNMethodCodeHeapSize                   = 5839372                                {pd product} {ergonomic}
    uintx NonProfiledCodeHeapSize                  = 122909434                              {pd product} {ergonomic}
    uintx ProfiledCodeHeapSize                     = 122909434                              {pd product} {ergonomic}
    uintx ReservedCodeCacheSize                    = 251658240                              {pd product} {ergonomic}
     bool SegmentedCodeCache                       = true                                      {product} {ergonomic}
   size_t SoftMaxHeapSize                          = 4123000832                             {manageable} {ergonomic}
     bool UseCompressedClassPointers               = true                           {product lp64_product} {ergonomic}
     bool UseCompressedOops                        = true                           {product lp64_product} {ergonomic}
     bool UseG1GC                                  = true                                      {product} {ergonomic}
     bool UseLargePagesIndividualAllocation        = false                                  {pd product} {ergonomic}

Logging:
Log output configuration:
 #0: stdout all=warning uptime,level,tags
 #1: stderr all=off uptime,level,tags

Environment Variables:
PATH=C:\Program Files\Zulu\zulu-17\bin\;C:\Program Files (x86)\VMware\VMware Workstation\bin\;C:\Program Files (x86)\Common Files\Oracle\Java\javapath;C:\Windows\system32;C:\Windows;C:\Windows\System32\Wbem;C:\Windows\System32\WindowsPowerShell\v1.0\;C:\Windows\System32\OpenSSH\;C:\Program Files\Microsoft VS Code\bin;C:\Program Files\NVIDIA Corporation\NVIDIA NvDLISR;C:\Program Files (x86)\NVIDIA Corporation\PhysX\Common;C:\Program Files\dotnet\;C:\Program Files\Python310;C:\Program Files\Python310\Scripts;C:\Users\shant\AppData\Roaming\Python\Python310\Scripts;E:\Tools and Softwares\ffmpeg-4.4.1-full_build\bin;C:\msys64\mingw64\bin;C:\Program Files\Git\cmd;C:\Users\shant\AppData\Local\Microsoft\WindowsApps;C:\Program Files\nodejs\;C:\WINDOWS\system32;C:\WINDOWS;C:\WINDOWS\System32\Wbem;C:\WINDOWS\System32\WindowsPowerShell\v1.0\;C:\WINDOWS\System32\OpenSSH\;C:\Users\shant\AppData\Local\Android\Sdk\platform-tools;C:\Users\shant\AppData\Local\Pub\Cache\bin\;C:\Program Files\WireGuard\;C:\Users\shant\AppData\Local\Coursier\data\bin
USERNAME=shant
OS=Windows_NT
PROCESSOR_IDENTIFIER=AMD64 Family 25 Model 80 Stepping 0, AuthenticAMD
TMP=C:\Users\shant\AppData\Local\Temp
TEMP=C:\Users\shant\AppData\Local\Temp



---------------  S Y S T E M  ---------------

OS:
 Windows 11 , 64 bit Build 22621 (10.0.22621.2215)
OS uptime: 2 days 9:15 hours
Hyper-V role detected

CPU: total 12 (initial active 12) (12 cores per cpu, 2 threads per core) family 25 model 80 stepping 0 microcode 0x0, cx8, cmov, fxsr, ht, mmx, 3dnowpref, sse, sse2, sse3, ssse3, sse4a, sse4.1, sse4.2, popcnt, lzcnt, tsc, tscinvbit, avx, avx2, aes, erms, clmul, bmi1, bmi2, adx, sha, fma, vzeroupper, clflush, clflushopt, hv

Memory: 4k page, system-wide physical 15720M (590M free)
TotalPageFile size 46970M (AvailPageFile size 461M)
current process WorkingSet (physical memory assigned to process): 1205M, peak: 1211M
current process commit charge ("private bytes"): 1252M, peak: 1712M

vm_info: OpenJDK 64-Bit Server VM (17.0.6+0-b2043.56-9586694) for windows-amd64 JRE (17.0.6+0-b2043.56-9586694), built on Feb  9 2023 20:06:20 by "androidbuild" with MS VC++ 16.10 / 16.11 (VS2019)

END.
