#
# There is insufficient memory for the Java Runtime Environment to continue.
# Native memory allocation (malloc) failed to allocate 1048576 bytes for AllocateHeap
# Possible reasons:
#   The system is out of physical RAM or swap space
#   The process is running with CompressedOops enabled, and the Java Heap may be blocking the growth of the native heap
# Possible solutions:
#   Reduce memory load on the system
#   Increase physical memory or swap space
#   Check if swap backing store is full
#   Decrease Java heap size (-Xmx/-Xms)
#   Decrease number of Java threads
#   Decrease Java thread stack sizes (-Xss)
#   Set larger code cache with -XX:ReservedCodeCacheSize=
#   JVM is running with Unscaled Compressed Oops mode in which the Java heap is
#     placed in the first 4GB address space. The Java Heap base address is the
#     maximum limit for the native heap growth. Please use -XX:HeapBaseMinAddress
#     to set the Java Heap base and to place the Java Heap above 4GB virtual address.
# This output file may be truncated or incomplete.
#
#  Out of Memory Error (allocation.cpp:44), pid=21056, tid=1916
#
# JRE version:  (17.0.6) (build )
# Java VM: OpenJDK 64-Bit Server VM (17.0.6+0-b2043.56-9586694, mixed mode, sharing, tiered, compressed oops, compressed class ptrs, g1 gc, windows-amd64)
# No core dump will be written. Minidumps are not enabled by default on client versions of Windows
#

---------------  S U M M A R Y ------------

Command Line: org.jetbrains.kotlin.cli.jvm.K2JVMCompiler @E:\IITG\fun_stuff\Alcheringa\Alcheringa2022\app\build\20230927_7678807531559327002.compiler.options

Host: AMD Ryzen 5 5600H with Radeon Graphics         , 12 cores, 15G,  Windows 11 , 64 bit Build 22621 (10.0.22621.2215)
Time: Wed Sep 27 23:36:19 2023 India Standard Time elapsed time: 0.008534 seconds (0d 0h 0m 0s)

---------------  T H R E A D  ---------------

Current thread (0x000002257ed97600):  JavaThread "Unknown thread" [_thread_in_vm, id=1916, stack(0x0000004eaa500000,0x0000004eaa600000)]

Stack: [0x0000004eaa500000,0x0000004eaa600000]
Native frames: (J=compiled Java code, j=interpreted, Vv=VM code, C=native code)
V  [jvm.dll+0x683b4a]
V  [jvm.dll+0x842654]
V  [jvm.dll+0x843dfe]
V  [jvm.dll+0x844463]
V  [jvm.dll+0x249b75]
V  [jvm.dll+0xa641f]
V  [jvm.dll+0x2db8c4]
V  [jvm.dll+0x813f0c]
V  [jvm.dll+0x36e6a1]
V  [jvm.dll+0x7f347c]
V  [jvm.dll+0x3f0e8f]
V  [jvm.dll+0x3f29d1]
C  [jli.dll+0x526b]
C  [ucrtbase.dll+0x29363]
C  [KERNEL32.DLL+0x1257d]
C  [ntdll.dll+0x5aa68]


---------------  P R O C E S S  ---------------

Threads class SMR info:
_java_thread_list=0x00007ff85ff4c058, length=0, elements={
}

Java Threads: ( => current thread )

Other Threads:

=>0x000002257ed97600 (exited) JavaThread "Unknown thread" [_thread_in_vm, id=1916, stack(0x0000004eaa500000,0x0000004eaa600000)]

Threads with active compile tasks:

VM state: not at safepoint (not fully initialized)

VM Mutex/Monitor currently owned by a thread: None

Heap address: 0x0000000000000000, size: 0 MB, Compressed Oops mode: 32-bit

CDS archive(s) mapped at: [0x0000000000000000-0x0000000000000000-0x0000000000000000), size 0, SharedBaseAddress: 0x0000000800000000, ArchiveRelocationMode: 0.
Narrow klass base: 0x0000000000000000, Narrow klass shift: 0, Narrow klass range: 0x0

GC Precious Log:
<Empty>

GC Heap History (0 events):
No events

Dll operation events (1 events):
Event: 0.006 Loaded shared library E:\Program_Files\Android Studio\jbr\bin\java.dll

Deoptimization events (0 events):
No events

Classes unloaded (0 events):
No events

Classes redefined (0 events):
No events

Internal exceptions (0 events):
No events

VM Operations (0 events):
No events

Events (0 events):
No events


Dynamic libraries:
0x00007ff63f290000 - 0x00007ff63f29a000 	E:\Program_Files\Android Studio\jbr\bin\java.exe
0x00007ff8dbd70000 - 0x00007ff8dbf84000 	C:\WINDOWS\SYSTEM32\ntdll.dll
0x00007ff8da6e0000 - 0x00007ff8da7a4000 	C:\WINDOWS\System32\KERNEL32.DLL
0x00007ff8d96b0000 - 0x00007ff8d9a54000 	C:\WINDOWS\System32\KERNELBASE.dll
0x00007ff8d92b0000 - 0x00007ff8d93c1000 	C:\WINDOWS\System32\ucrtbase.dll
0x00007ff8cd810000 - 0x00007ff8cd827000 	E:\Program_Files\Android Studio\jbr\bin\jli.dll
0x00007ff8cdf10000 - 0x00007ff8cdf2b000 	E:\Program_Files\Android Studio\jbr\bin\VCRUNTIME140.dll
0x00007ff8da9f0000 - 0x00007ff8dab9e000 	C:\WINDOWS\System32\USER32.dll
0x00007ff8d9600000 - 0x00007ff8d9626000 	C:\WINDOWS\System32\win32u.dll
0x00007ff8c5970000 - 0x00007ff8c5c03000 	C:\WINDOWS\WinSxS\amd64_microsoft.windows.common-controls_6595b64144ccf1df_6.0.22621.2215_none_270d72677387dfc3\COMCTL32.dll
0x00007ff8db0e0000 - 0x00007ff8db109000 	C:\WINDOWS\System32\GDI32.dll
0x00007ff8d9c00000 - 0x00007ff8d9ca7000 	C:\WINDOWS\System32\msvcrt.dll
0x00007ff8d9120000 - 0x00007ff8d9238000 	C:\WINDOWS\System32\gdi32full.dll
0x00007ff8d9a60000 - 0x00007ff8d9afa000 	C:\WINDOWS\System32\msvcp_win.dll
0x00007ff8dbbc0000 - 0x00007ff8dbbf1000 	C:\WINDOWS\System32\IMM32.DLL
0x00007ff8ce0f0000 - 0x00007ff8ce0fc000 	E:\Program_Files\Android Studio\jbr\bin\vcruntime140_1.dll
0x00007ff8b4f90000 - 0x00007ff8b501d000 	E:\Program_Files\Android Studio\jbr\bin\msvcp140.dll
0x00007ff85f410000 - 0x00007ff86007d000 	E:\Program_Files\Android Studio\jbr\bin\server\jvm.dll
0x00007ff8daba0000 - 0x00007ff8dac50000 	C:\WINDOWS\System32\ADVAPI32.dll
0x00007ff8d9cb0000 - 0x00007ff8d9d56000 	C:\WINDOWS\System32\sechost.dll
0x00007ff8dbc10000 - 0x00007ff8dbd27000 	C:\WINDOWS\System32\RPCRT4.dll
0x00007ff8d0e90000 - 0x00007ff8d0ec4000 	C:\WINDOWS\SYSTEM32\WINMM.dll
0x00007ff8d58c0000 - 0x00007ff8d58c9000 	C:\WINDOWS\SYSTEM32\WSOCK32.dll
0x00007ff8cfe80000 - 0x00007ff8cfe8a000 	C:\WINDOWS\SYSTEM32\VERSION.dll
0x00007ff8da970000 - 0x00007ff8da9e1000 	C:\WINDOWS\System32\WS2_32.dll
0x00007ff8d81d0000 - 0x00007ff8d81e8000 	C:\WINDOWS\SYSTEM32\kernel.appcore.dll
0x00007ff8d4680000 - 0x00007ff8d468a000 	E:\Program_Files\Android Studio\jbr\bin\jimage.dll
0x00007ff8ce530000 - 0x00007ff8ce75e000 	C:\WINDOWS\SYSTEM32\DBGHELP.DLL
0x00007ff8db110000 - 0x00007ff8db49a000 	C:\WINDOWS\System32\combase.dll
0x00007ff8da590000 - 0x00007ff8da667000 	C:\WINDOWS\System32\OLEAUT32.dll
0x00007ff8ce470000 - 0x00007ff8ce4a2000 	C:\WINDOWS\SYSTEM32\dbgcore.DLL
0x00007ff8d9630000 - 0x00007ff8d96aa000 	C:\WINDOWS\System32\bcryptPrimitives.dll
0x00007ff8d45c0000 - 0x00007ff8d45e5000 	E:\Program_Files\Android Studio\jbr\bin\java.dll

dbghelp: loaded successfully - version: 4.0.5 - missing functions: none
symbol engine: initialized successfully - sym options: 0x614 - pdb path: .;E:\Program_Files\Android Studio\jbr\bin;C:\WINDOWS\SYSTEM32;C:\WINDOWS\WinSxS\amd64_microsoft.windows.common-controls_6595b64144ccf1df_6.0.22621.2215_none_270d72677387dfc3;E:\Program_Files\Android Studio\jbr\bin\server

VM Arguments:
java_command: org.jetbrains.kotlin.cli.jvm.K2JVMCompiler @E:\IITG\fun_stuff\Alcheringa\Alcheringa2022\app\build\20230927_7678807531559327002.compiler.options
java_class_path (initial): C:\Users\shant\.gradle\caches\modules-2\files-2.1\org.jetbrains.kotlin\kotlin-compiler-embeddable\1.6.10\88f2073f4020cdb83132cfe940ceb9a60aba54ea\kotlin-compiler-embeddable-1.6.10.jar;C:\Users\shant\.gradle\caches\modules-2\files-2.1\org.jetbrains.kotlin\kotlin-reflect\1.6.10\1cbe9c92c12a94eea200d23c2bbaedaf3daf5132\kotlin-reflect-1.6.10.jar;C:\Users\shant\.gradle\caches\modules-2\files-2.1\org.jetbrains.kotlin\kotlin-stdlib\1.6.10\b8af3fe6f1ca88526914929add63cf5e7c5049af\kotlin-stdlib-1.6.10.jar;C:\Users\shant\.gradle\caches\modules-2\files-2.1\org.jetbrains.kotlin\kotlin-script-runtime\1.6.10\d0a7ff2e2500ef497ed0214ae40ad3c8387a6164\kotlin-script-runtime-1.6.10.jar;C:\Users\shant\.gradle\caches\modules-2\files-2.1\org.jetbrains.kotlin\kotlin-daemon-embeddable\1.6.10\a56d79bcbea411fa6058e4ecffc2de73e742bd2a\kotlin-daemon-embeddable-1.6.10.jar;C:\Users\shant\.gradle\caches\modules-2\files-2.1\org.jetbrains.intellij.deps\trove4j\1.0.20181211\216c2e14b070f334479d800987affe4054cd563f\trove4j-1.0.20181211.jar;C:\Users\shant\.gradle\caches\modules-2\files-2.1\net.java.dev.jna\jna\5.6.0\330f2244e9030119ab3030fc3fededc86713d9cc\jna-5.6.0.jar;C:\Users\shant\.gradle\caches\modules-2\files-2.1\org.jetbrains\annotations\13.0\919f0dfe192fb4e063e7dacadee7f8bb9a2672a9\annotations-13.0.jar;C:\Users\shant\.gradle\caches\modules-2\files-2.1\org.jetbrains.kotlin\kotlin-stdlib-common\1.6.10\c118700e3a33c8a0d9adc920e9dec0831171925\kotlin-stdlib-common-1.6.10.jar
Launcher Type: SUN_STANDARD

[Global flags]
     intx CICompilerCount                          = 4                                         {product} {ergonomic}
     uint ConcGCThreads                            = 3                                         {product} {ergonomic}
     uint G1ConcRefinementThreads                  = 10                                        {product} {ergonomic}
   size_t G1HeapRegionSize                         = 2097152                                   {product} {ergonomic}
    uintx GCDrainStackTargetSize                   = 64                                        {product} {ergonomic}
   size_t InitialHeapSize                          = 257949696                                 {product} {ergonomic}
   size_t MarkStackSize                            = 4194304                                   {product} {ergonomic}
   size_t MaxHeapSize                              = 4123000832                                {product} {ergonomic}
   size_t MinHeapDeltaBytes                        = 2097152                                   {product} {ergonomic}
   size_t MinHeapSize                              = 8388608                                   {product} {ergonomic}
    uintx NonNMethodCodeHeapSize                   = 5839372                                {pd product} {ergonomic}
    uintx NonProfiledCodeHeapSize                  = 122909434                              {pd product} {ergonomic}
    uintx ProfiledCodeHeapSize                     = 122909434                              {pd product} {ergonomic}
    uintx ReservedCodeCacheSize                    = 251658240                              {pd product} {ergonomic}
     bool SegmentedCodeCache                       = true                                      {product} {ergonomic}
   size_t SoftMaxHeapSize                          = 4123000832                             {manageable} {ergonomic}
     bool UseCompressedClassPointers               = true                           {product lp64_product} {ergonomic}
     bool UseCompressedOops                        = true                           {product lp64_product} {ergonomic}
     bool UseG1GC                                  = true                                      {product} {ergonomic}
     bool UseLargePagesIndividualAllocation        = false                                  {pd product} {ergonomic}

Logging:
Log output configuration:
 #0: stdout all=warning uptime,level,tags
 #1: stderr all=off uptime,level,tags

Environment Variables:
PATH=C:\Program Files\Zulu\zulu-17\bin\;C:\Program Files (x86)\VMware\VMware Workstation\bin\;C:\Program Files (x86)\Common Files\Oracle\Java\javapath;C:\Windows\system32;C:\Windows;C:\Windows\System32\Wbem;C:\Windows\System32\WindowsPowerShell\v1.0\;C:\Windows\System32\OpenSSH\;C:\Program Files\Microsoft VS Code\bin;C:\Program Files\NVIDIA Corporation\NVIDIA NvDLISR;C:\Program Files (x86)\NVIDIA Corporation\PhysX\Common;C:\Program Files\dotnet\;C:\Program Files\Python310;C:\Program Files\Python310\Scripts;C:\Users\shant\AppData\Roaming\Python\Python310\Scripts;E:\Tools and Softwares\ffmpeg-4.4.1-full_build\bin;C:\msys64\mingw64\bin;C:\Program Files\Git\cmd;C:\Users\shant\AppData\Local\Microsoft\WindowsApps;C:\Program Files\nodejs\;C:\WINDOWS\system32;C:\WINDOWS;C:\WINDOWS\System32\Wbem;C:\WINDOWS\System32\WindowsPowerShell\v1.0\;C:\WINDOWS\System32\OpenSSH\;C:\Users\shant\AppData\Local\Android\Sdk\platform-tools;C:\Users\shant\AppData\Local\Pub\Cache\bin\;C:\Program Files\WireGuard\;C:\Users\shant\AppData\Local\Coursier\data\bin
USERNAME=shant
OS=Windows_NT
PROCESSOR_IDENTIFIER=AMD64 Family 25 Model 80 Stepping 0, AuthenticAMD
TMP=C:\Users\shant\AppData\Local\Temp
TEMP=C:\Users\shant\AppData\Local\Temp



---------------  S Y S T E M  ---------------

OS:
 Windows 11 , 64 bit Build 22621 (10.0.22621.2215)
OS uptime: 2 days 9:25 hours
Hyper-V role detected

CPU: total 12 (initial active 12) (12 cores per cpu, 2 threads per core) family 25 model 80 stepping 0 microcode 0x0, cx8, cmov, fxsr, ht, mmx, 3dnowpref, sse, sse2, sse3, ssse3, sse4a, sse4.1, sse4.2, popcnt, lzcnt, tsc, tscinvbit, avx, avx2, aes, erms, clmul, bmi1, bmi2, adx, sha, fma, vzeroupper, clflush, clflushopt, hv

Memory: 4k page, system-wide physical 15720M (694M free)
TotalPageFile size 46970M (AvailPageFile size 5M)
current process WorkingSet (physical memory assigned to process): 10M, peak: 10M
current process commit charge ("private bytes"): 13M, peak: 13M

vm_info: OpenJDK 64-Bit Server VM (17.0.6+0-b2043.56-9586694) for windows-amd64 JRE (17.0.6+0-b2043.56-9586694), built on Feb  9 2023 20:06:20 by "androidbuild" with MS VC++ 16.10 / 16.11 (VS2019)

END.
